<?xml version="1.0" encoding="UTF-8"?>
<coverage generated="1549612023376" clover="3.2.0">
  <project timestamp="1549612023376" name="All files">
    <metrics statements="404" coveredstatements="332" conditionals="204" coveredconditionals="140" methods="106" coveredmethods="88" elements="714" coveredelements="560" complexity="0" loc="404" ncloc="404" packages="7" files="47" classes="47"/>
    <package name="src">
      <metrics statements="1" coveredstatements="1" conditionals="0" coveredconditionals="0" methods="0" coveredmethods="0"/>
      <file name="setupTests.js" path="/Users/anthonynwosu/Desktop/fast-food-fast-React/client/src/setupTests.js">
        <metrics statements="1" coveredstatements="1" conditionals="0" coveredconditionals="0" methods="0" coveredmethods="0"/>
        <line num="4" count="38" type="stmt"/>
      </file>
    </package>
    <package name="src.actionTypes">
      <metrics statements="9" coveredstatements="9" conditionals="0" coveredconditionals="0" methods="0" coveredmethods="0"/>
      <file name="index.js" path="/Users/anthonynwosu/Desktop/fast-food-fast-React/client/src/actionTypes/index.js">
        <metrics statements="9" coveredstatements="9" conditionals="0" coveredconditionals="0" methods="0" coveredmethods="0"/>
        <line num="1" count="28" type="stmt"/>
        <line num="2" count="28" type="stmt"/>
        <line num="3" count="28" type="stmt"/>
        <line num="4" count="28" type="stmt"/>
        <line num="5" count="28" type="stmt"/>
        <line num="6" count="28" type="stmt"/>
        <line num="7" count="28" type="stmt"/>
        <line num="8" count="28" type="stmt"/>
        <line num="9" count="28" type="stmt"/>
      </file>
    </package>
    <package name="src.actions">
      <metrics statements="67" coveredstatements="67" conditionals="0" coveredconditionals="0" methods="26" coveredmethods="26"/>
      <file name="cartActions.js" path="/Users/anthonynwosu/Desktop/fast-food-fast-React/client/src/actions/cartActions.js">
        <metrics statements="14" coveredstatements="14" conditionals="0" coveredconditionals="0" methods="6" coveredmethods="6"/>
        <line num="4" count="14" type="stmt"/>
        <line num="9" count="14" type="stmt"/>
        <line num="13" count="14" type="stmt"/>
        <line num="14" count="2" type="stmt"/>
        <line num="15" count="2" type="stmt"/>
        <line num="16" count="1" type="stmt"/>
        <line num="17" count="1" type="stmt"/>
        <line num="19" count="1" type="stmt"/>
        <line num="23" count="14" type="stmt"/>
        <line num="24" count="2" type="stmt"/>
        <line num="25" count="2" type="stmt"/>
        <line num="26" count="1" type="stmt"/>
        <line num="27" count="1" type="stmt"/>
        <line num="29" count="1" type="stmt"/>
      </file>
      <file name="flashActions.js" path="/Users/anthonynwosu/Desktop/fast-food-fast-React/client/src/actions/flashActions.js">
        <metrics statements="3" coveredstatements="3" conditionals="0" coveredconditionals="0" methods="3" coveredmethods="3"/>
        <line num="7" count="17" type="stmt"/>
        <line num="12" count="17" type="stmt"/>
        <line num="18" count="17" type="stmt"/>
      </file>
      <file name="loginActions.js" path="/Users/anthonynwosu/Desktop/fast-food-fast-React/client/src/actions/loginActions.js">
        <metrics statements="12" coveredstatements="12" conditionals="0" coveredconditionals="0" methods="3" coveredmethods="3"/>
        <line num="7" count="15" type="stmt"/>
        <line num="12" count="15" type="stmt"/>
        <line num="13" count="2" type="stmt"/>
        <line num="14" count="2" type="stmt"/>
        <line num="19" count="2" type="stmt"/>
        <line num="21" count="1" type="stmt"/>
        <line num="22" count="1" type="stmt"/>
        <line num="23" count="1" type="stmt"/>
        <line num="24" count="1" type="stmt"/>
        <line num="25" count="1" type="stmt"/>
        <line num="26" count="1" type="stmt"/>
        <line num="28" count="1" type="stmt"/>
      </file>
      <file name="logoutActions.js" path="/Users/anthonynwosu/Desktop/fast-food-fast-React/client/src/actions/logoutActions.js">
        <metrics statements="4" coveredstatements="4" conditionals="0" coveredconditionals="0" methods="2" coveredmethods="2"/>
        <line num="4" count="14" type="stmt"/>
        <line num="5" count="1" type="stmt"/>
        <line num="6" count="1" type="stmt"/>
        <line num="7" count="1" type="stmt"/>
      </file>
      <file name="menuActions.js" path="/Users/anthonynwosu/Desktop/fast-food-fast-React/client/src/actions/menuActions.js">
        <metrics statements="7" coveredstatements="7" conditionals="0" coveredconditionals="0" methods="3" coveredmethods="3"/>
        <line num="5" count="1" type="stmt"/>
        <line num="10" count="2" type="stmt"/>
        <line num="11" count="2" type="stmt"/>
        <line num="12" count="2" type="stmt"/>
        <line num="13" count="1" type="stmt"/>
        <line num="14" count="1" type="stmt"/>
        <line num="16" count="1" type="stmt"/>
      </file>
      <file name="orderActions.js" path="/Users/anthonynwosu/Desktop/fast-food-fast-React/client/src/actions/orderActions.js">
        <metrics statements="15" coveredstatements="15" conditionals="0" coveredconditionals="0" methods="6" coveredmethods="6"/>
        <line num="7" count="1" type="stmt"/>
        <line num="11" count="1" type="stmt"/>
        <line num="16" count="2" type="stmt"/>
        <line num="17" count="2" type="stmt"/>
        <line num="21" count="2" type="stmt"/>
        <line num="22" count="2" type="stmt"/>
        <line num="23" count="1" type="stmt"/>
        <line num="24" count="1" type="stmt"/>
        <line num="26" count="1" type="stmt"/>
        <line num="30" count="2" type="stmt"/>
        <line num="31" count="2" type="stmt"/>
        <line num="32" count="2" type="stmt"/>
        <line num="33" count="1" type="stmt"/>
        <line num="34" count="1" type="stmt"/>
        <line num="36" count="1" type="stmt"/>
      </file>
      <file name="signupActions.js" path="/Users/anthonynwosu/Desktop/fast-food-fast-React/client/src/actions/signupActions.js">
        <metrics statements="12" coveredstatements="12" conditionals="0" coveredconditionals="0" methods="3" coveredmethods="3"/>
        <line num="7" count="3" type="stmt"/>
        <line num="12" count="3" type="stmt"/>
        <line num="13" count="2" type="stmt"/>
        <line num="14" count="2" type="stmt"/>
        <line num="22" count="2" type="stmt"/>
        <line num="24" count="1" type="stmt"/>
        <line num="25" count="1" type="stmt"/>
        <line num="26" count="1" type="stmt"/>
        <line num="27" count="1" type="stmt"/>
        <line num="28" count="1" type="stmt"/>
        <line num="29" count="1" type="stmt"/>
        <line num="31" count="1" type="stmt"/>
      </file>
    </package>
    <package name="src.components">
      <metrics statements="108" coveredstatements="102" conditionals="56" coveredconditionals="47" methods="37" coveredmethods="32"/>
      <file name="AdminNavbar.jsx" path="/Users/anthonynwosu/Desktop/fast-food-fast-React/client/src/components/AdminNavbar.jsx">
        <metrics statements="3" coveredstatements="3" conditionals="2" coveredconditionals="2" methods="1" coveredmethods="1"/>
        <line num="5" count="14" type="stmt"/>
        <line num="6" count="1" type="stmt"/>
        <line num="26" count="14" type="stmt"/>
      </file>
      <file name="AfterLoginLayout.jsx" path="/Users/anthonynwosu/Desktop/fast-food-fast-React/client/src/components/AfterLoginLayout.jsx">
        <metrics statements="3" coveredstatements="3" conditionals="0" coveredconditionals="0" methods="1" coveredmethods="1"/>
        <line num="5" count="13" type="stmt"/>
        <line num="6" count="1" type="stmt"/>
        <line num="13" count="13" type="stmt"/>
      </file>
      <file name="Button.jsx" path="/Users/anthonynwosu/Desktop/fast-food-fast-React/client/src/components/Button.jsx">
        <metrics statements="3" coveredstatements="3" conditionals="0" coveredconditionals="0" methods="1" coveredmethods="1"/>
        <line num="4" count="13" type="stmt"/>
        <line num="5" count="1" type="stmt"/>
        <line num="15" count="13" type="stmt"/>
      </file>
      <file name="Carousel.jsx" path="/Users/anthonynwosu/Desktop/fast-food-fast-React/client/src/components/Carousel.jsx">
        <metrics statements="5" coveredstatements="5" conditionals="0" coveredconditionals="0" methods="2" coveredmethods="2"/>
        <line num="4" count="13" type="stmt"/>
        <line num="5" count="1" type="stmt"/>
        <line num="13" count="13" type="stmt"/>
        <line num="17" count="13" type="stmt"/>
        <line num="19" count="1" type="stmt"/>
      </file>
      <file name="FlashMessage.jsx" path="/Users/anthonynwosu/Desktop/fast-food-fast-React/client/src/components/FlashMessage.jsx">
        <metrics statements="13" coveredstatements="13" conditionals="6" coveredconditionals="5" methods="3" coveredmethods="3"/>
        <line num="11" count="1" type="stmt"/>
        <line num="12" count="1" type="stmt"/>
        <line num="22" count="11" type="stmt"/>
        <line num="23" count="11" type="stmt"/>
        <line num="24" count="11" type="cond" truecount="2" falsecount="0"/>
        <line num="25" count="2" type="cond" truecount="2" falsecount="0"/>
        <line num="26" count="1" type="stmt"/>
        <line num="27" count="1" type="cond" truecount="1" falsecount="1"/>
        <line num="28" count="1" type="stmt"/>
        <line num="30" count="11" type="stmt"/>
        <line num="46" count="17" type="stmt"/>
        <line num="55" count="17" type="stmt"/>
        <line num="57" count="1" type="stmt"/>
      </file>
      <file name="FlashMessagesList.jsx" path="/Users/anthonynwosu/Desktop/fast-food-fast-React/client/src/components/FlashMessagesList.jsx">
        <metrics statements="9" coveredstatements="9" conditionals="0" coveredconditionals="0" methods="3" coveredmethods="3"/>
        <line num="8" count="16" type="stmt"/>
        <line num="9" count="1" type="stmt"/>
        <line num="10" count="1" type="stmt"/>
        <line num="11" count="1" type="stmt"/>
        <line num="18" count="1" type="stmt"/>
        <line num="26" count="16" type="stmt"/>
        <line num="35" count="16" type="stmt"/>
        <line num="39" count="16" type="stmt"/>
        <line num="43" count="16" type="stmt"/>
      </file>
      <file name="FoodCard.jsx" path="/Users/anthonynwosu/Desktop/fast-food-fast-React/client/src/components/FoodCard.jsx">
        <metrics statements="4" coveredstatements="4" conditionals="0" coveredconditionals="0" methods="2" coveredmethods="2"/>
        <line num="6" count="13" type="stmt"/>
        <line num="7" count="1" type="stmt"/>
        <line num="13" count="1" type="stmt"/>
        <line num="21" count="13" type="stmt"/>
      </file>
      <file name="Footer.jsx" path="/Users/anthonynwosu/Desktop/fast-food-fast-React/client/src/components/Footer.jsx">
        <metrics statements="4" coveredstatements="4" conditionals="0" coveredconditionals="0" methods="1" coveredmethods="1"/>
        <line num="4" count="14" type="stmt"/>
        <line num="5" count="1" type="stmt"/>
        <line num="14" count="14" type="stmt"/>
        <line num="19" count="14" type="stmt"/>
      </file>
      <file name="ForgotPasswordForm.jsx" path="/Users/anthonynwosu/Desktop/fast-food-fast-React/client/src/components/ForgotPasswordForm.jsx">
        <metrics statements="3" coveredstatements="3" conditionals="2" coveredconditionals="2" methods="1" coveredmethods="1"/>
        <line num="6" count="13" type="stmt"/>
        <line num="13" count="1" type="stmt"/>
        <line num="57" count="13" type="stmt"/>
      </file>
      <file name="GuestNavbar.jsx" path="/Users/anthonynwosu/Desktop/fast-food-fast-React/client/src/components/GuestNavbar.jsx">
        <metrics statements="2" coveredstatements="2" conditionals="2" coveredconditionals="2" methods="1" coveredmethods="1"/>
        <line num="5" count="14" type="stmt"/>
        <line num="6" count="1" type="stmt"/>
      </file>
      <file name="LandingPage.jsx" path="/Users/anthonynwosu/Desktop/fast-food-fast-React/client/src/components/LandingPage.jsx">
        <metrics statements="5" coveredstatements="5" conditionals="14" coveredconditionals="10" methods="2" coveredmethods="2"/>
        <line num="17" count="1" type="stmt"/>
        <line num="19" count="1" type="stmt"/>
        <line num="49" count="1" type="stmt"/>
        <line num="50" count="1" type="stmt"/>
        <line num="160" count="13" type="stmt"/>
      </file>
      <file name="LayoutContainer.jsx" path="/Users/anthonynwosu/Desktop/fast-food-fast-React/client/src/components/LayoutContainer.jsx">
        <metrics statements="4" coveredstatements="3" conditionals="0" coveredconditionals="0" methods="2" coveredmethods="1"/>
        <line num="6" count="13" type="stmt"/>
        <line num="7" count="1" type="stmt"/>
        <line num="10" count="0" type="stmt"/>
        <line num="17" count="13" type="stmt"/>
      </file>
      <file name="LinkButton.jsx" path="/Users/anthonynwosu/Desktop/fast-food-fast-React/client/src/components/LinkButton.jsx">
        <metrics statements="7" coveredstatements="3" conditionals="4" coveredconditionals="0" methods="3" coveredmethods="0"/>
        <line num="6" count="13" type="stmt"/>
        <line num="16" count="0" type="stmt"/>
        <line num="17" count="0" type="stmt"/>
        <line num="22" count="0" type="cond" truecount="0" falsecount="4"/>
        <line num="23" count="0" type="stmt"/>
        <line num="29" count="13" type="stmt"/>
        <line num="39" count="13" type="stmt"/>
      </file>
      <file name="LoginForm.jsx" path="/Users/anthonynwosu/Desktop/fast-food-fast-React/client/src/components/LoginForm.jsx">
        <metrics statements="3" coveredstatements="3" conditionals="6" coveredconditionals="6" methods="1" coveredmethods="1"/>
        <line num="7" count="14" type="stmt"/>
        <line num="18" count="1" type="stmt"/>
        <line num="85" count="14" type="stmt"/>
      </file>
      <file name="OrderHistory.jsx" path="/Users/anthonynwosu/Desktop/fast-food-fast-React/client/src/components/OrderHistory.jsx">
        <metrics statements="4" coveredstatements="3" conditionals="0" coveredconditionals="0" methods="2" coveredmethods="1"/>
        <line num="5" count="13" type="stmt"/>
        <line num="6" count="1" type="stmt"/>
        <line num="9" count="1" type="stmt"/>
        <line num="32" count="0" type="stmt"/>
      </file>
      <file name="Payment.jsx" path="/Users/anthonynwosu/Desktop/fast-food-fast-React/client/src/components/Payment.jsx">
        <metrics statements="3" coveredstatements="3" conditionals="4" coveredconditionals="4" methods="1" coveredmethods="1"/>
        <line num="6" count="13" type="stmt"/>
        <line num="13" count="1" type="stmt"/>
        <line num="50" count="13" type="stmt"/>
      </file>
      <file name="PreLoginLayout.jsx" path="/Users/anthonynwosu/Desktop/fast-food-fast-React/client/src/components/PreLoginLayout.jsx">
        <metrics statements="3" coveredstatements="3" conditionals="0" coveredconditionals="0" methods="1" coveredmethods="1"/>
        <line num="6" count="13" type="stmt"/>
        <line num="7" count="1" type="stmt"/>
        <line num="15" count="13" type="stmt"/>
      </file>
      <file name="PreLoginNavbar.jsx" path="/Users/anthonynwosu/Desktop/fast-food-fast-React/client/src/components/PreLoginNavbar.jsx">
        <metrics statements="3" coveredstatements="3" conditionals="0" coveredconditionals="0" methods="1" coveredmethods="1"/>
        <line num="5" count="14" type="stmt"/>
        <line num="6" count="1" type="stmt"/>
        <line num="24" count="14" type="stmt"/>
      </file>
      <file name="SelectFieldGroup.jsx" path="/Users/anthonynwosu/Desktop/fast-food-fast-React/client/src/components/SelectFieldGroup.jsx">
        <metrics statements="4" coveredstatements="4" conditionals="0" coveredconditionals="0" methods="2" coveredmethods="2"/>
        <line num="4" count="14" type="stmt"/>
        <line num="13" count="1" type="stmt"/>
        <line num="22" count="1" type="stmt"/>
        <line num="31" count="14" type="stmt"/>
      </file>
      <file name="ShoppingCart.jsx" path="/Users/anthonynwosu/Desktop/fast-food-fast-React/client/src/components/ShoppingCart.jsx">
        <metrics statements="3" coveredstatements="3" conditionals="0" coveredconditionals="0" methods="1" coveredmethods="1"/>
        <line num="7" count="13" type="stmt"/>
        <line num="14" count="1" type="stmt"/>
        <line num="44" count="13" type="stmt"/>
      </file>
      <file name="SignupForm.jsx" path="/Users/anthonynwosu/Desktop/fast-food-fast-React/client/src/components/SignupForm.jsx">
        <metrics statements="3" coveredstatements="3" conditionals="12" coveredconditionals="12" methods="1" coveredmethods="1"/>
        <line num="7" count="14" type="stmt"/>
        <line num="20" count="1" type="stmt"/>
        <line num="122" count="14" type="stmt"/>
      </file>
      <file name="Spinner.jsx" path="/Users/anthonynwosu/Desktop/fast-food-fast-React/client/src/components/Spinner.jsx">
        <metrics statements="4" coveredstatements="4" conditionals="0" coveredconditionals="0" methods="1" coveredmethods="1"/>
        <line num="5" count="14" type="stmt"/>
        <line num="6" count="1" type="stmt"/>
        <line num="11" count="14" type="stmt"/>
        <line num="15" count="14" type="stmt"/>
      </file>
      <file name="Switcher.jsx" path="/Users/anthonynwosu/Desktop/fast-food-fast-React/client/src/components/Switcher.jsx">
        <metrics statements="4" coveredstatements="4" conditionals="0" coveredconditionals="0" methods="1" coveredmethods="1"/>
        <line num="5" count="14" type="stmt"/>
        <line num="14" count="1" type="stmt"/>
        <line num="39" count="14" type="stmt"/>
        <line num="47" count="14" type="stmt"/>
      </file>
      <file name="TextFieldGroup.jsx" path="/Users/anthonynwosu/Desktop/fast-food-fast-React/client/src/components/TextFieldGroup.jsx">
        <metrics statements="6" coveredstatements="6" conditionals="2" coveredconditionals="2" methods="1" coveredmethods="1"/>
        <line num="4" count="16" type="stmt"/>
        <line num="23" count="5" type="cond" truecount="2" falsecount="0"/>
        <line num="24" count="1" type="stmt"/>
        <line num="25" count="5" type="stmt"/>
        <line num="54" count="16" type="stmt"/>
        <line num="72" count="16" type="stmt"/>
      </file>
      <file name="UserNavbar.jsx" path="/Users/anthonynwosu/Desktop/fast-food-fast-React/client/src/components/UserNavbar.jsx">
        <metrics statements="3" coveredstatements="3" conditionals="2" coveredconditionals="2" methods="1" coveredmethods="1"/>
        <line num="5" count="14" type="stmt"/>
        <line num="6" count="1" type="stmt"/>
        <line num="25" count="14" type="stmt"/>
      </file>
      <file name="index.jsx" path="/Users/anthonynwosu/Desktop/fast-food-fast-React/client/src/components/index.jsx">
        <metrics statements="0" coveredstatements="0" conditionals="0" coveredconditionals="0" methods="0" coveredmethods="0"/>
      </file>
    </package>
    <package name="src.reducers">
      <metrics statements="29" coveredstatements="23" conditionals="31" coveredconditionals="15" methods="6" coveredmethods="5"/>
      <file name="authReducer.js" path="/Users/anthonynwosu/Desktop/fast-food-fast-React/client/src/reducers/authReducer.js">
        <metrics statements="5" coveredstatements="4" conditionals="11" coveredconditionals="2" methods="1" coveredmethods="1"/>
        <line num="5" count="1" type="stmt"/>
        <line num="10" count="1" type="cond" truecount="1" falsecount="1"/>
        <line num="11" count="1" type="cond" truecount="1" falsecount="1"/>
        <line num="13" count="0" type="stmt"/>
        <line num="23" count="1" type="stmt"/>
      </file>
      <file name="cartReducer.js" path="/Users/anthonynwosu/Desktop/fast-food-fast-React/client/src/reducers/cartReducer.js">
        <metrics statements="8" coveredstatements="6" conditionals="6" coveredconditionals="4" methods="1" coveredmethods="1"/>
        <line num="5" count="1" type="stmt"/>
        <line num="14" count="1" type="cond" truecount="1" falsecount="1"/>
        <line num="15" count="3" type="cond" truecount="3" falsecount="1"/>
        <line num="17" count="1" type="stmt"/>
        <line num="24" count="0" type="stmt"/>
        <line num="25" count="0" type="stmt"/>
        <line num="30" count="1" type="stmt"/>
        <line num="36" count="1" type="stmt"/>
      </file>
      <file name="flashReducer.js" path="/Users/anthonynwosu/Desktop/fast-food-fast-React/client/src/reducers/flashReducer.js">
        <metrics statements="6" coveredstatements="3" conditionals="6" coveredconditionals="3" methods="2" coveredmethods="1"/>
        <line num="8" count="2" type="cond" truecount="2" falsecount="2"/>
        <line num="10" count="0" type="stmt"/>
        <line num="19" count="0" type="stmt"/>
        <line num="20" count="0" type="stmt"/>
        <line num="23" count="1" type="stmt"/>
        <line num="24" count="1" type="stmt"/>
      </file>
      <file name="menuReducer.js" path="/Users/anthonynwosu/Desktop/fast-food-fast-React/client/src/reducers/menuReducer.js">
        <metrics statements="5" coveredstatements="5" conditionals="4" coveredconditionals="3" methods="1" coveredmethods="1"/>
        <line num="5" count="1" type="stmt"/>
        <line num="7" count="1" type="cond" truecount="1" falsecount="1"/>
        <line num="8" count="2" type="cond" truecount="2" falsecount="0"/>
        <line num="10" count="1" type="stmt"/>
        <line num="12" count="1" type="stmt"/>
      </file>
      <file name="orderReducer.js" path="/Users/anthonynwosu/Desktop/fast-food-fast-React/client/src/reducers/orderReducer.js">
        <metrics statements="5" coveredstatements="5" conditionals="4" coveredconditionals="3" methods="1" coveredmethods="1"/>
        <line num="5" count="1" type="stmt"/>
        <line num="7" count="1" type="cond" truecount="1" falsecount="1"/>
        <line num="8" count="2" type="cond" truecount="2" falsecount="0"/>
        <line num="10" count="1" type="stmt"/>
        <line num="11" count="1" type="stmt"/>
      </file>
    </package>
    <package name="src.utils">
      <metrics statements="73" coveredstatements="44" conditionals="70" coveredconditionals="53" methods="10" coveredmethods="4"/>
      <file name="axiosMethods.js" path="/Users/anthonynwosu/Desktop/fast-food-fast-React/client/src/utils/axiosMethods.js">
        <metrics statements="26" coveredstatements="7" conditionals="8" coveredconditionals="1" methods="6" coveredmethods="0"/>
        <line num="8" count="19" type="cond" truecount="1" falsecount="1"/>
        <line num="12" count="19" type="stmt"/>
        <line num="21" count="19" type="stmt"/>
        <line num="23" count="0" type="stmt"/>
        <line num="24" count="0" type="stmt"/>
        <line num="26" count="0" type="stmt"/>
        <line num="29" count="19" type="stmt"/>
        <line num="30" count="0" type="stmt"/>
        <line num="31" count="0" type="stmt"/>
        <line num="32" count="0" type="stmt"/>
        <line num="34" count="0" type="cond" truecount="0" falsecount="2"/>
        <line num="38" count="19" type="stmt"/>
        <line num="39" count="0" type="stmt"/>
        <line num="40" count="0" type="stmt"/>
        <line num="41" count="0" type="stmt"/>
        <line num="43" count="0" type="cond" truecount="0" falsecount="2"/>
        <line num="47" count="19" type="stmt"/>
        <line num="48" count="0" type="stmt"/>
        <line num="49" count="0" type="stmt"/>
        <line num="50" count="0" type="stmt"/>
        <line num="52" count="0" type="cond" truecount="0" falsecount="2"/>
        <line num="56" count="19" type="stmt"/>
        <line num="57" count="0" type="stmt"/>
        <line num="58" count="0" type="stmt"/>
        <line num="59" count="0" type="stmt"/>
        <line num="61" count="0" type="stmt"/>
      </file>
      <file name="loginValidation.js" path="/Users/anthonynwosu/Desktop/fast-food-fast-React/client/src/utils/loginValidation.js">
        <metrics statements="9" coveredstatements="9" conditionals="8" coveredconditionals="8" methods="1" coveredmethods="1"/>
        <line num="1" count="2" type="stmt"/>
        <line num="2" count="14" type="stmt"/>
        <line num="4" count="14" type="cond" truecount="2" falsecount="0"/>
        <line num="5" count="9" type="stmt"/>
        <line num="7" count="14" type="cond" truecount="4" falsecount="0"/>
        <line num="9" count="1" type="stmt"/>
        <line num="11" count="14" type="cond" truecount="2" falsecount="0"/>
        <line num="12" count="8" type="stmt"/>
        <line num="14" count="14" type="stmt"/>
      </file>
      <file name="orderIdGenerator.js" path="/Users/anthonynwosu/Desktop/fast-food-fast-React/client/src/utils/orderIdGenerator.js">
        <metrics statements="1" coveredstatements="1" conditionals="0" coveredconditionals="0" methods="1" coveredmethods="1"/>
        <line num="1" count="13" type="stmt"/>
      </file>
      <file name="setAuthorizationToken.js" path="/Users/anthonynwosu/Desktop/fast-food-fast-React/client/src/utils/setAuthorizationToken.js">
        <metrics statements="4" coveredstatements="3" conditionals="2" coveredconditionals="1" methods="1" coveredmethods="1"/>
        <line num="3" count="16" type="stmt"/>
        <line num="4" count="3" type="cond" truecount="1" falsecount="1"/>
        <line num="5" count="0" type="stmt"/>
        <line num="7" count="3" type="stmt"/>
      </file>
      <file name="signupValidation.js" path="/Users/anthonynwosu/Desktop/fast-food-fast-React/client/src/utils/signupValidation.js">
        <metrics statements="33" coveredstatements="24" conditionals="52" coveredconditionals="43" methods="1" coveredmethods="1"/>
        <line num="5" count="2" type="stmt"/>
        <line num="6" count="12" type="stmt"/>
        <line num="8" count="12" type="cond" truecount="2" falsecount="0"/>
        <line num="9" count="9" type="stmt"/>
        <line num="11" count="12" type="cond" truecount="3" falsecount="1"/>
        <line num="12" count="0" type="stmt"/>
        <line num="15" count="12" type="cond" truecount="4" falsecount="1"/>
        <line num="18" count="0" type="stmt"/>
        <line num="21" count="12" type="cond" truecount="4" falsecount="1"/>
        <line num="23" count="0" type="stmt"/>
        <line num="27" count="12" type="cond" truecount="2" falsecount="0"/>
        <line num="28" count="8" type="stmt"/>
        <line num="30" count="12" type="cond" truecount="3" falsecount="1"/>
        <line num="31" count="0" type="stmt"/>
        <line num="33" count="12" type="cond" truecount="4" falsecount="1"/>
        <line num="35" count="0" type="stmt"/>
        <line num="37" count="12" type="cond" truecount="4" falsecount="1"/>
        <line num="39" count="0" type="stmt"/>
        <line num="41" count="12" type="cond" truecount="2" falsecount="0"/>
        <line num="42" count="7" type="stmt"/>
        <line num="44" count="12" type="cond" truecount="3" falsecount="1"/>
        <line num="47" count="0" type="stmt"/>
        <line num="49" count="12" type="cond" truecount="2" falsecount="0"/>
        <line num="50" count="8" type="stmt"/>
        <line num="53" count="12" type="cond" truecount="3" falsecount="1"/>
        <line num="54" count="0" type="stmt"/>
        <line num="57" count="12" type="cond" truecount="3" falsecount="1"/>
        <line num="58" count="0" type="stmt"/>
        <line num="61" count="12" type="cond" truecount="2" falsecount="0"/>
        <line num="62" count="8" type="stmt"/>
        <line num="64" count="12" type="cond" truecount="2" falsecount="0"/>
        <line num="65" count="2" type="stmt"/>
        <line num="67" count="12" type="stmt"/>
      </file>
    </package>
    <package name="src.views">
      <metrics statements="117" coveredstatements="86" conditionals="47" coveredconditionals="25" methods="27" coveredmethods="21"/>
      <file name="LandingPage.jsx" path="/Users/anthonynwosu/Desktop/fast-food-fast-React/client/src/views/LandingPage.jsx">
        <metrics statements="95" coveredstatements="82" conditionals="39" coveredconditionals="25" methods="22" coveredmethods="21"/>
        <line num="17" count="35" type="stmt"/>
        <line num="18" count="35" type="stmt"/>
        <line num="35" count="35" type="stmt"/>
        <line num="36" count="35" type="stmt"/>
        <line num="37" count="35" type="stmt"/>
        <line num="38" count="35" type="stmt"/>
        <line num="42" count="35" type="stmt"/>
        <line num="46" count="0" type="stmt"/>
        <line num="50" count="1" type="cond" truecount="2" falsecount="3"/>
        <line num="51" count="1" type="stmt"/>
        <line num="56" count="4" type="stmt"/>
        <line num="60" count="1" type="stmt"/>
        <line num="68" count="1" type="stmt"/>
        <line num="76" count="1" type="stmt"/>
        <line num="84" count="1" type="stmt"/>
        <line num="93" count="1" type="cond" truecount="1" falsecount="1"/>
        <line num="94" count="0" type="stmt"/>
        <line num="99" count="4" type="stmt"/>
        <line num="100" count="4" type="stmt"/>
        <line num="101" count="4" type="stmt"/>
        <line num="102" count="4" type="stmt"/>
        <line num="103" count="4" type="cond" truecount="2" falsecount="0"/>
        <line num="104" count="2" type="stmt"/>
        <line num="105" count="2" type="stmt"/>
        <line num="107" count="2" type="stmt"/>
        <line num="109" count="4" type="stmt"/>
        <line num="114" count="4" type="stmt"/>
        <line num="115" count="4" type="stmt"/>
        <line num="116" count="4" type="stmt"/>
        <line num="117" count="4" type="stmt"/>
        <line num="118" count="4" type="cond" truecount="2" falsecount="0"/>
        <line num="119" count="2" type="stmt"/>
        <line num="120" count="2" type="stmt"/>
        <line num="122" count="2" type="stmt"/>
        <line num="124" count="4" type="stmt"/>
        <line num="129" count="4" type="cond" truecount="2" falsecount="0"/>
        <line num="130" count="1" type="stmt"/>
        <line num="132" count="3" type="stmt"/>
        <line num="134" count="4" type="stmt"/>
        <line num="135" count="4" type="stmt"/>
        <line num="136" count="4" type="cond" truecount="2" falsecount="0"/>
        <line num="137" count="2" type="stmt"/>
        <line num="138" count="2" type="stmt"/>
        <line num="140" count="2" type="stmt"/>
        <line num="142" count="4" type="stmt"/>
        <line num="146" count="4" type="cond" truecount="2" falsecount="0"/>
        <line num="147" count="1" type="stmt"/>
        <line num="149" count="3" type="stmt"/>
        <line num="151" count="4" type="stmt"/>
        <line num="152" count="4" type="stmt"/>
        <line num="153" count="4" type="cond" truecount="2" falsecount="0"/>
        <line num="154" count="2" type="stmt"/>
        <line num="155" count="2" type="stmt"/>
        <line num="157" count="2" type="stmt"/>
        <line num="159" count="4" type="stmt"/>
        <line num="163" count="3" type="stmt"/>
        <line num="169" count="3" type="stmt"/>
        <line num="170" count="3" type="stmt"/>
        <line num="171" count="3" type="cond" truecount="2" falsecount="0"/>
        <line num="172" count="2" type="stmt"/>
        <line num="173" count="2" type="stmt"/>
        <line num="174" count="2" type="cond" truecount="1" falsecount="1"/>
        <line num="175" count="0" type="stmt"/>
        <line num="176" count="0" type="cond" truecount="0" falsecount="2"/>
        <line num="177" count="0" type="stmt"/>
        <line num="178" count="0" type="cond" truecount="0" falsecount="2"/>
        <line num="181" count="0" type="stmt"/>
        <line num="186" count="0" type="stmt"/>
        <line num="197" count="1" type="stmt"/>
        <line num="203" count="1" type="stmt"/>
        <line num="204" count="1" type="stmt"/>
        <line num="205" count="1" type="cond" truecount="1" falsecount="1"/>
        <line num="206" count="1" type="stmt"/>
        <line num="207" count="1" type="stmt"/>
        <line num="208" count="0" type="cond" truecount="0" falsecount="2"/>
        <line num="209" count="0" type="stmt"/>
        <line num="210" count="0" type="cond" truecount="0" falsecount="2"/>
        <line num="211" count="0" type="stmt"/>
        <line num="213" count="0" type="stmt"/>
        <line num="223" count="6" type="stmt"/>
        <line num="224" count="6" type="cond" truecount="2" falsecount="0"/>
        <line num="225" count="3" type="stmt"/>
        <line num="226" count="3" type="stmt"/>
        <line num="228" count="3" type="stmt"/>
        <line num="232" count="4" type="stmt"/>
        <line num="233" count="4" type="cond" truecount="2" falsecount="0"/>
        <line num="234" count="2" type="stmt"/>
        <line num="235" count="2" type="stmt"/>
        <line num="237" count="2" type="stmt"/>
        <line num="257" count="106" type="stmt"/>
        <line num="259" count="106" type="stmt"/>
        <line num="301" count="2" type="stmt"/>
        <line num="309" count="2" type="stmt"/>
        <line num="310" count="1" type="stmt"/>
        <line num="313" count="2" type="stmt"/>
      </file>
      <file name="Navbar.jsx" path="/Users/anthonynwosu/Desktop/fast-food-fast-React/client/src/views/Navbar.jsx">
        <metrics statements="22" coveredstatements="4" conditionals="8" coveredconditionals="0" methods="5" coveredmethods="0"/>
        <line num="14" count="0" type="stmt"/>
        <line num="15" count="0" type="stmt"/>
        <line num="20" count="0" type="stmt"/>
        <line num="28" count="0" type="stmt"/>
        <line num="29" count="0" type="stmt"/>
        <line num="31" count="0" type="stmt"/>
        <line num="37" count="0" type="stmt"/>
        <line num="38" count="0" type="cond" truecount="0" falsecount="2"/>
        <line num="39" count="0" type="stmt"/>
        <line num="46" count="0" type="cond" truecount="0" falsecount="2"/>
        <line num="47" count="0" type="stmt"/>
        <line num="54" count="0" type="stmt"/>
        <line num="62" count="0" type="stmt"/>
        <line num="63" count="0" type="cond" truecount="0" falsecount="2"/>
        <line num="65" count="0" type="cond" truecount="0" falsecount="2"/>
        <line num="66" count="0" type="stmt"/>
        <line num="68" count="0" type="stmt"/>
        <line num="70" count="0" type="stmt"/>
        <line num="78" count="13" type="stmt"/>
        <line num="84" count="13" type="stmt"/>
        <line num="93" count="13" type="stmt"/>
        <line num="97" count="13" type="stmt"/>
      </file>
    </package>
  </project>
</coverage>
