{"/Users/anthonynwosu/Desktop/fast-food-fast-React/client/src/setupTests.js": {"path":"/Users/anthonynwosu/Desktop/fast-food-fast-React/client/src/setupTests.js","statementMap":{"0":{"start":{"line":4,"column":0},"end":{"line":4,"column":38}}},"fnMap":{},"branchMap":{},"s":{"0":38},"f":{},"b":{},"_coverageSchema":"43e27e138ebf9cfc5966b082cf9a028302ed4184","hash":"76c23e0fe54d2727b0511125012e2b05129c4ca1"}
,"/Users/anthonynwosu/Desktop/fast-food-fast-React/client/src/actionTypes/index.js": {"path":"/Users/anthonynwosu/Desktop/fast-food-fast-React/client/src/actionTypes/index.js","statementMap":{"0":{"start":{"line":1,"column":32},"end":{"line":1,"column":50}},"1":{"start":{"line":2,"column":33},"end":{"line":2,"column":52}},"2":{"start":{"line":3,"column":36},"end":{"line":3,"column":58}},"3":{"start":{"line":4,"column":36},"end":{"line":4,"column":58}},"4":{"start":{"line":5,"column":24},"end":{"line":5,"column":34}},"5":{"start":{"line":6,"column":24},"end":{"line":6,"column":34}},"6":{"start":{"line":7,"column":27},"end":{"line":7,"column":40}},"7":{"start":{"line":8,"column":27},"end":{"line":8,"column":40}},"8":{"start":{"line":9,"column":36},"end":{"line":9,"column":51}}},"fnMap":{},"branchMap":{},"s":{"0":28,"1":28,"2":28,"3":28,"4":28,"5":28,"6":28,"7":28,"8":28},"f":{},"b":{},"_coverageSchema":"43e27e138ebf9cfc5966b082cf9a028302ed4184","hash":"0630451dd92aafa4f795ca0528bbe556256391fb"}
,"/Users/anthonynwosu/Desktop/fast-food-fast-React/client/src/actions/cartActions.js": {"path":"/Users/anthonynwosu/Desktop/fast-food-fast-React/client/src/actions/cartActions.js","statementMap":{"0":{"start":{"line":4,"column":36},"end":{"line":7,"column":2}},"1":{"start":{"line":4,"column":45},"end":{"line":7,"column":1}},"2":{"start":{"line":9,"column":38},"end":{"line":11,"column":2}},"3":{"start":{"line":9,"column":45},"end":{"line":11,"column":1}},"4":{"start":{"line":13,"column":32},"end":{"line":21,"column":1}},"5":{"start":{"line":13,"column":38},"end":{"line":21,"column":1}},"6":{"start":{"line":14,"column":2},"end":{"line":20,"column":3}},"7":{"start":{"line":15,"column":30},"end":{"line":15,"column":48}},"8":{"start":{"line":16,"column":4},"end":{"line":16,"column":54}},"9":{"start":{"line":17,"column":4},"end":{"line":17,"column":29}},"10":{"start":{"line":19,"column":4},"end":{"line":19,"column":26}},"11":{"start":{"line":23,"column":32},"end":{"line":31,"column":1}},"12":{"start":{"line":23,"column":38},"end":{"line":31,"column":1}},"13":{"start":{"line":24,"column":2},"end":{"line":30,"column":3}},"14":{"start":{"line":25,"column":30},"end":{"line":25,"column":66}},"15":{"start":{"line":26,"column":4},"end":{"line":26,"column":56}},"16":{"start":{"line":27,"column":4},"end":{"line":27,"column":29}},"17":{"start":{"line":29,"column":4},"end":{"line":29,"column":26}}},"fnMap":{"0":{"name":"(anonymous_0)","decl":{"start":{"line":4,"column":36},"end":{"line":4,"column":37}},"loc":{"start":{"line":4,"column":45},"end":{"line":7,"column":1}},"line":4},"1":{"name":"(anonymous_1)","decl":{"start":{"line":9,"column":38},"end":{"line":9,"column":39}},"loc":{"start":{"line":9,"column":45},"end":{"line":11,"column":1}},"line":9},"2":{"name":"(anonymous_2)","decl":{"start":{"line":13,"column":32},"end":{"line":13,"column":33}},"loc":{"start":{"line":13,"column":38},"end":{"line":21,"column":1}},"line":13},"3":{"name":"(anonymous_3)","decl":{"start":{"line":13,"column":38},"end":{"line":13,"column":39}},"loc":{"start":{"line":13,"column":58},"end":{"line":21,"column":1}},"line":13},"4":{"name":"(anonymous_4)","decl":{"start":{"line":23,"column":32},"end":{"line":23,"column":33}},"loc":{"start":{"line":23,"column":38},"end":{"line":31,"column":1}},"line":23},"5":{"name":"(anonymous_5)","decl":{"start":{"line":23,"column":38},"end":{"line":23,"column":39}},"loc":{"start":{"line":23,"column":58},"end":{"line":31,"column":1}},"line":23}},"branchMap":{},"s":{"0":14,"1":1,"2":14,"3":1,"4":14,"5":2,"6":2,"7":2,"8":1,"9":1,"10":1,"11":14,"12":2,"13":2,"14":2,"15":1,"16":1,"17":1},"f":{"0":1,"1":1,"2":2,"3":2,"4":2,"5":2},"b":{},"_coverageSchema":"43e27e138ebf9cfc5966b082cf9a028302ed4184","hash":"7752c7d602c4c62e1ceeb14e0ae370fc661cfd3f"}
,"/Users/anthonynwosu/Desktop/fast-food-fast-React/client/src/actions/flashActions.js": {"path":"/Users/anthonynwosu/Desktop/fast-food-fast-React/client/src/actions/flashActions.js","statementMap":{"0":{"start":{"line":7,"column":31},"end":{"line":10,"column":2}},"1":{"start":{"line":7,"column":43},"end":{"line":10,"column":1}},"2":{"start":{"line":12,"column":34},"end":{"line":15,"column":2}},"3":{"start":{"line":12,"column":41},"end":{"line":15,"column":1}},"4":{"start":{"line":18,"column":34},"end":{"line":20,"column":2}},"5":{"start":{"line":18,"column":41},"end":{"line":20,"column":1}}},"fnMap":{"0":{"name":"(anonymous_0)","decl":{"start":{"line":7,"column":31},"end":{"line":7,"column":32}},"loc":{"start":{"line":7,"column":43},"end":{"line":10,"column":1}},"line":7},"1":{"name":"(anonymous_1)","decl":{"start":{"line":12,"column":34},"end":{"line":12,"column":35}},"loc":{"start":{"line":12,"column":41},"end":{"line":15,"column":1}},"line":12},"2":{"name":"(anonymous_2)","decl":{"start":{"line":18,"column":34},"end":{"line":18,"column":35}},"loc":{"start":{"line":18,"column":41},"end":{"line":20,"column":1}},"line":18}},"branchMap":{},"s":{"0":17,"1":1,"2":17,"3":1,"4":17,"5":1},"f":{"0":1,"1":1,"2":1},"b":{},"_coverageSchema":"43e27e138ebf9cfc5966b082cf9a028302ed4184","hash":"424d87412a57e13c80c6cfd3700dae0279eabcbd"}
,"/Users/anthonynwosu/Desktop/fast-food-fast-React/client/src/actions/loginActions.js": {"path":"/Users/anthonynwosu/Desktop/fast-food-fast-React/client/src/actions/loginActions.js","statementMap":{"0":{"start":{"line":7,"column":30},"end":{"line":10,"column":2}},"1":{"start":{"line":7,"column":43},"end":{"line":10,"column":1}},"2":{"start":{"line":12,"column":28},"end":{"line":30,"column":1}},"3":{"start":{"line":12,"column":40},"end":{"line":30,"column":1}},"4":{"start":{"line":13,"column":2},"end":{"line":29,"column":3}},"5":{"start":{"line":14,"column":21},"end":{"line":17,"column":5}},"6":{"start":{"line":19,"column":26},"end":{"line":19,"column":61}},"7":{"start":{"line":21,"column":22},"end":{"line":21,"column":35}},"8":{"start":{"line":22,"column":25},"end":{"line":22,"column":44}},"9":{"start":{"line":23,"column":4},"end":{"line":23,"column":41}},"10":{"start":{"line":24,"column":4},"end":{"line":24,"column":33}},"11":{"start":{"line":25,"column":4},"end":{"line":25,"column":43}},"12":{"start":{"line":26,"column":4},"end":{"line":26,"column":25}},"13":{"start":{"line":28,"column":4},"end":{"line":28,"column":26}}},"fnMap":{"0":{"name":"(anonymous_0)","decl":{"start":{"line":7,"column":30},"end":{"line":7,"column":31}},"loc":{"start":{"line":7,"column":43},"end":{"line":10,"column":1}},"line":7},"1":{"name":"(anonymous_1)","decl":{"start":{"line":12,"column":28},"end":{"line":12,"column":29}},"loc":{"start":{"line":12,"column":40},"end":{"line":30,"column":1}},"line":12},"2":{"name":"(anonymous_2)","decl":{"start":{"line":12,"column":40},"end":{"line":12,"column":41}},"loc":{"start":{"line":12,"column":60},"end":{"line":30,"column":1}},"line":12}},"branchMap":{},"s":{"0":15,"1":2,"2":15,"3":2,"4":2,"5":2,"6":2,"7":1,"8":1,"9":1,"10":1,"11":1,"12":1,"13":1},"f":{"0":2,"1":2,"2":2},"b":{},"_coverageSchema":"43e27e138ebf9cfc5966b082cf9a028302ed4184","hash":"3acd2fd202619b16232b681ce41ec1465fad1350"}
,"/Users/anthonynwosu/Desktop/fast-food-fast-React/client/src/actions/logoutActions.js": {"path":"/Users/anthonynwosu/Desktop/fast-food-fast-React/client/src/actions/logoutActions.js","statementMap":{"0":{"start":{"line":4,"column":15},"end":{"line":8,"column":1}},"1":{"start":{"line":4,"column":21},"end":{"line":8,"column":1}},"2":{"start":{"line":5,"column":2},"end":{"line":5,"column":30}},"3":{"start":{"line":6,"column":2},"end":{"line":6,"column":31}},"4":{"start":{"line":7,"column":2},"end":{"line":7,"column":31}}},"fnMap":{"0":{"name":"(anonymous_0)","decl":{"start":{"line":4,"column":15},"end":{"line":4,"column":16}},"loc":{"start":{"line":4,"column":21},"end":{"line":8,"column":1}},"line":4},"1":{"name":"(anonymous_1)","decl":{"start":{"line":4,"column":21},"end":{"line":4,"column":22}},"loc":{"start":{"line":4,"column":35},"end":{"line":8,"column":1}},"line":4}},"branchMap":{},"s":{"0":14,"1":1,"2":1,"3":1,"4":1},"f":{"0":1,"1":1},"b":{},"_coverageSchema":"43e27e138ebf9cfc5966b082cf9a028302ed4184","hash":"ab90b678dace4540fd1611c49666fdfe2a6aedf2"}
,"/Users/anthonynwosu/Desktop/fast-food-fast-React/client/src/actions/menuActions.js": {"path":"/Users/anthonynwosu/Desktop/fast-food-fast-React/client/src/actions/menuActions.js","statementMap":{"0":{"start":{"line":5,"column":23},"end":{"line":8,"column":2}},"1":{"start":{"line":5,"column":32},"end":{"line":8,"column":1}},"2":{"start":{"line":10,"column":30},"end":{"line":18,"column":1}},"3":{"start":{"line":10,"column":36},"end":{"line":18,"column":1}},"4":{"start":{"line":11,"column":2},"end":{"line":17,"column":3}},"5":{"start":{"line":12,"column":28},"end":{"line":12,"column":46}},"6":{"start":{"line":13,"column":4},"end":{"line":13,"column":44}},"7":{"start":{"line":14,"column":4},"end":{"line":14,"column":27}},"8":{"start":{"line":16,"column":4},"end":{"line":16,"column":31}}},"fnMap":{"0":{"name":"(anonymous_0)","decl":{"start":{"line":5,"column":23},"end":{"line":5,"column":24}},"loc":{"start":{"line":5,"column":32},"end":{"line":8,"column":1}},"line":5},"1":{"name":"(anonymous_1)","decl":{"start":{"line":10,"column":30},"end":{"line":10,"column":31}},"loc":{"start":{"line":10,"column":36},"end":{"line":18,"column":1}},"line":10},"2":{"name":"(anonymous_2)","decl":{"start":{"line":10,"column":36},"end":{"line":10,"column":37}},"loc":{"start":{"line":10,"column":56},"end":{"line":18,"column":1}},"line":10}},"branchMap":{},"s":{"0":1,"1":1,"2":1,"3":2,"4":2,"5":2,"6":1,"7":1,"8":1},"f":{"0":1,"1":2,"2":2},"b":{},"_coverageSchema":"43e27e138ebf9cfc5966b082cf9a028302ed4184","hash":"60b83de5db385dca04ae64e966368e7f5b748f46"}
,"/Users/anthonynwosu/Desktop/fast-food-fast-React/client/src/actions/orderActions.js": {"path":"/Users/anthonynwosu/Desktop/fast-food-fast-React/client/src/actions/orderActions.js","statementMap":{"0":{"start":{"line":7,"column":39},"end":{"line":9,"column":2}},"1":{"start":{"line":7,"column":46},"end":{"line":9,"column":1}},"2":{"start":{"line":11,"column":46},"end":{"line":14,"column":2}},"3":{"start":{"line":11,"column":63},"end":{"line":14,"column":1}},"4":{"start":{"line":16,"column":33},"end":{"line":28,"column":1}},"5":{"start":{"line":16,"column":49},"end":{"line":28,"column":1}},"6":{"start":{"line":17,"column":19},"end":{"line":20,"column":3}},"7":{"start":{"line":21,"column":2},"end":{"line":27,"column":3}},"8":{"start":{"line":22,"column":31},"end":{"line":22,"column":62}},"9":{"start":{"line":23,"column":4},"end":{"line":23,"column":58}},"10":{"start":{"line":24,"column":4},"end":{"line":24,"column":30}},"11":{"start":{"line":26,"column":4},"end":{"line":26,"column":26}},"12":{"start":{"line":30,"column":40},"end":{"line":38,"column":1}},"13":{"start":{"line":30,"column":50},"end":{"line":38,"column":1}},"14":{"start":{"line":31,"column":2},"end":{"line":37,"column":3}},"15":{"start":{"line":32,"column":38},"end":{"line":32,"column":74}},"16":{"start":{"line":33,"column":4},"end":{"line":33,"column":72}},"17":{"start":{"line":34,"column":4},"end":{"line":34,"column":37}},"18":{"start":{"line":36,"column":4},"end":{"line":36,"column":26}}},"fnMap":{"0":{"name":"(anonymous_0)","decl":{"start":{"line":7,"column":39},"end":{"line":7,"column":40}},"loc":{"start":{"line":7,"column":46},"end":{"line":9,"column":1}},"line":7},"1":{"name":"(anonymous_1)","decl":{"start":{"line":11,"column":46},"end":{"line":11,"column":47}},"loc":{"start":{"line":11,"column":63},"end":{"line":14,"column":1}},"line":11},"2":{"name":"(anonymous_2)","decl":{"start":{"line":16,"column":33},"end":{"line":16,"column":34}},"loc":{"start":{"line":16,"column":49},"end":{"line":28,"column":1}},"line":16},"3":{"name":"(anonymous_3)","decl":{"start":{"line":16,"column":49},"end":{"line":16,"column":50}},"loc":{"start":{"line":16,"column":69},"end":{"line":28,"column":1}},"line":16},"4":{"name":"(anonymous_4)","decl":{"start":{"line":30,"column":40},"end":{"line":30,"column":41}},"loc":{"start":{"line":30,"column":50},"end":{"line":38,"column":1}},"line":30},"5":{"name":"(anonymous_5)","decl":{"start":{"line":30,"column":50},"end":{"line":30,"column":51}},"loc":{"start":{"line":30,"column":70},"end":{"line":38,"column":1}},"line":30}},"branchMap":{},"s":{"0":1,"1":1,"2":1,"3":1,"4":1,"5":2,"6":2,"7":2,"8":2,"9":1,"10":1,"11":1,"12":1,"13":2,"14":2,"15":2,"16":1,"17":1,"18":1},"f":{"0":1,"1":1,"2":2,"3":2,"4":2,"5":2},"b":{},"_coverageSchema":"43e27e138ebf9cfc5966b082cf9a028302ed4184","hash":"8e2a7334e445b3865dfe5c8b0a8dda644ee384a5"}
,"/Users/anthonynwosu/Desktop/fast-food-fast-React/client/src/actions/signupActions.js": {"path":"/Users/anthonynwosu/Desktop/fast-food-fast-React/client/src/actions/signupActions.js","statementMap":{"0":{"start":{"line":7,"column":30},"end":{"line":10,"column":2}},"1":{"start":{"line":7,"column":43},"end":{"line":10,"column":1}},"2":{"start":{"line":12,"column":29},"end":{"line":33,"column":1}},"3":{"start":{"line":12,"column":41},"end":{"line":33,"column":1}},"4":{"start":{"line":13,"column":2},"end":{"line":32,"column":3}},"5":{"start":{"line":14,"column":21},"end":{"line":20,"column":5}},"6":{"start":{"line":22,"column":27},"end":{"line":22,"column":63}},"7":{"start":{"line":24,"column":22},"end":{"line":24,"column":36}},"8":{"start":{"line":25,"column":25},"end":{"line":25,"column":44}},"9":{"start":{"line":26,"column":4},"end":{"line":26,"column":41}},"10":{"start":{"line":27,"column":4},"end":{"line":27,"column":33}},"11":{"start":{"line":28,"column":4},"end":{"line":28,"column":43}},"12":{"start":{"line":29,"column":4},"end":{"line":29,"column":26}},"13":{"start":{"line":31,"column":4},"end":{"line":31,"column":31}}},"fnMap":{"0":{"name":"(anonymous_0)","decl":{"start":{"line":7,"column":30},"end":{"line":7,"column":31}},"loc":{"start":{"line":7,"column":43},"end":{"line":10,"column":1}},"line":7},"1":{"name":"(anonymous_1)","decl":{"start":{"line":12,"column":29},"end":{"line":12,"column":30}},"loc":{"start":{"line":12,"column":41},"end":{"line":33,"column":1}},"line":12},"2":{"name":"(anonymous_2)","decl":{"start":{"line":12,"column":41},"end":{"line":12,"column":42}},"loc":{"start":{"line":12,"column":61},"end":{"line":33,"column":1}},"line":12}},"branchMap":{},"s":{"0":3,"1":1,"2":3,"3":2,"4":2,"5":2,"6":2,"7":1,"8":1,"9":1,"10":1,"11":1,"12":1,"13":1},"f":{"0":1,"1":2,"2":2},"b":{},"_coverageSchema":"43e27e138ebf9cfc5966b082cf9a028302ed4184","hash":"4ab0ba0c7dea0757e217c09bddb3bb6a6db6de0d"}
,"/Users/anthonynwosu/Desktop/fast-food-fast-React/client/src/components/AdminNavbar.jsx": {"path":"/Users/anthonynwosu/Desktop/fast-food-fast-React/client/src/components/AdminNavbar.jsx","statementMap":{"0":{"start":{"line":5,"column":20},"end":{"line":24,"column":1}},"1":{"start":{"line":6,"column":2},"end":{"line":23,"column":8}},"2":{"start":{"line":26,"column":0},"end":{"line":29,"column":2}}},"fnMap":{"0":{"name":"(anonymous_0)","decl":{"start":{"line":5,"column":20},"end":{"line":5,"column":21}},"loc":{"start":{"line":6,"column":2},"end":{"line":23,"column":8}},"line":6}},"branchMap":{"0":{"loc":{"start":{"line":17,"column":11},"end":{"line":17,"column":34}},"type":"binary-expr","locations":[{"start":{"line":17,"column":11},"end":{"line":17,"column":29}},{"start":{"line":17,"column":33},"end":{"line":17,"column":34}}],"line":17}},"s":{"0":14,"1":1,"2":14},"f":{"0":1},"b":{"0":[1,1]},"_coverageSchema":"43e27e138ebf9cfc5966b082cf9a028302ed4184","hash":"d4670acd6ac6c19d0916de956cc5521c1b36c6d4"}
,"/Users/anthonynwosu/Desktop/fast-food-fast-React/client/src/components/AfterLoginLayout.jsx": {"path":"/Users/anthonynwosu/Desktop/fast-food-fast-React/client/src/components/AfterLoginLayout.jsx","statementMap":{"0":{"start":{"line":5,"column":25},"end":{"line":10,"column":1}},"1":{"start":{"line":6,"column":2},"end":{"line":9,"column":8}},"2":{"start":{"line":13,"column":0},"end":{"line":15,"column":2}}},"fnMap":{"0":{"name":"(anonymous_0)","decl":{"start":{"line":5,"column":25},"end":{"line":5,"column":26}},"loc":{"start":{"line":6,"column":2},"end":{"line":9,"column":8}},"line":6}},"branchMap":{},"s":{"0":13,"1":1,"2":13},"f":{"0":1},"b":{},"_coverageSchema":"43e27e138ebf9cfc5966b082cf9a028302ed4184","hash":"177bfd258ce94982ab8b91897a738dc628618cf9"}
,"/Users/anthonynwosu/Desktop/fast-food-fast-React/client/src/components/Button.jsx": {"path":"/Users/anthonynwosu/Desktop/fast-food-fast-React/client/src/components/Button.jsx","statementMap":{"0":{"start":{"line":4,"column":15},"end":{"line":13,"column":1}},"1":{"start":{"line":5,"column":2},"end":{"line":11,"column":11}},"2":{"start":{"line":15,"column":0},"end":{"line":19,"column":2}}},"fnMap":{"0":{"name":"(anonymous_0)","decl":{"start":{"line":4,"column":15},"end":{"line":4,"column":16}},"loc":{"start":{"line":5,"column":2},"end":{"line":11,"column":11}},"line":5}},"branchMap":{},"s":{"0":13,"1":1,"2":13},"f":{"0":1},"b":{},"_coverageSchema":"43e27e138ebf9cfc5966b082cf9a028302ed4184","hash":"0d451455b42b2345e9e40824b8b13cfcbb698817"}
,"/Users/anthonynwosu/Desktop/fast-food-fast-React/client/src/components/Carousel.jsx": {"path":"/Users/anthonynwosu/Desktop/fast-food-fast-React/client/src/components/Carousel.jsx","statementMap":{"0":{"start":{"line":4,"column":17},"end":{"line":11,"column":1}},"1":{"start":{"line":5,"column":2},"end":{"line":10,"column":19}},"2":{"start":{"line":13,"column":0},"end":{"line":15,"column":2}},"3":{"start":{"line":17,"column":0},"end":{"line":20,"column":2}},"4":{"start":{"line":19,"column":29},"end":{"line":19,"column":33}}},"fnMap":{"0":{"name":"(anonymous_0)","decl":{"start":{"line":4,"column":17},"end":{"line":4,"column":18}},"loc":{"start":{"line":5,"column":2},"end":{"line":10,"column":19}},"line":5},"1":{"name":"(anonymous_1)","decl":{"start":{"line":19,"column":23},"end":{"line":19,"column":24}},"loc":{"start":{"line":19,"column":29},"end":{"line":19,"column":33}},"line":19}},"branchMap":{},"s":{"0":13,"1":1,"2":13,"3":13,"4":1},"f":{"0":1,"1":1},"b":{},"_coverageSchema":"43e27e138ebf9cfc5966b082cf9a028302ed4184","hash":"811f57706884d5e25a3906985e42243932df95d6"}
,"/Users/anthonynwosu/Desktop/fast-food-fast-React/client/src/components/FlashMessage.jsx": {"path":"/Users/anthonynwosu/Desktop/fast-food-fast-React/client/src/components/FlashMessage.jsx","statementMap":{"0":{"start":{"line":11,"column":8},"end":{"line":11,"column":18}},"1":{"start":{"line":12,"column":4},"end":{"line":12,"column":28}},"2":{"start":{"line":22,"column":8},"end":{"line":22,"column":18}},"3":{"start":{"line":23,"column":33},"end":{"line":23,"column":43}},"4":{"start":{"line":24,"column":4},"end":{"line":29,"column":5}},"5":{"start":{"line":24,"column":26},"end":{"line":24,"column":79}},"6":{"start":{"line":25,"column":9},"end":{"line":29,"column":5}},"7":{"start":{"line":26,"column":6},"end":{"line":26,"column":60}},"8":{"start":{"line":27,"column":11},"end":{"line":29,"column":5}},"9":{"start":{"line":28,"column":6},"end":{"line":28,"column":60}},"10":{"start":{"line":30,"column":4},"end":{"line":42,"column":6}},"11":{"start":{"line":46,"column":0},"end":{"line":53,"column":2}},"12":{"start":{"line":55,"column":0},"end":{"line":58,"column":2}},"13":{"start":{"line":57,"column":29},"end":{"line":57,"column":33}}},"fnMap":{"0":{"name":"(anonymous_0)","decl":{"start":{"line":5,"column":18},"end":{"line":5,"column":19}},"loc":{"start":{"line":5,"column":24},"end":{"line":13,"column":3}},"line":5},"1":{"name":"(anonymous_1)","decl":{"start":{"line":15,"column":2},"end":{"line":15,"column":3}},"loc":{"start":{"line":15,"column":11},"end":{"line":43,"column":3}},"line":15},"2":{"name":"(anonymous_2)","decl":{"start":{"line":57,"column":23},"end":{"line":57,"column":24}},"loc":{"start":{"line":57,"column":29},"end":{"line":57,"column":33}},"line":57}},"branchMap":{"0":{"loc":{"start":{"line":24,"column":4},"end":{"line":29,"column":5}},"type":"if","locations":[{"start":{"line":24,"column":4},"end":{"line":29,"column":5}},{"start":{"line":24,"column":4},"end":{"line":29,"column":5}}],"line":24},"1":{"loc":{"start":{"line":25,"column":9},"end":{"line":29,"column":5}},"type":"if","locations":[{"start":{"line":25,"column":9},"end":{"line":29,"column":5}},{"start":{"line":25,"column":9},"end":{"line":29,"column":5}}],"line":25},"2":{"loc":{"start":{"line":27,"column":11},"end":{"line":29,"column":5}},"type":"if","locations":[{"start":{"line":27,"column":11},"end":{"line":29,"column":5}},{"start":{"line":27,"column":11},"end":{"line":29,"column":5}}],"line":27}},"s":{"0":1,"1":1,"2":11,"3":11,"4":11,"5":9,"6":2,"7":1,"8":1,"9":1,"10":11,"11":17,"12":17,"13":1},"f":{"0":1,"1":11,"2":1},"b":{"0":[9,2],"1":[1,1],"2":[1,0]},"_coverageSchema":"43e27e138ebf9cfc5966b082cf9a028302ed4184","hash":"b1bbfeadb74c3dbbd8e66ba626730b5eab07126c"}
,"/Users/anthonynwosu/Desktop/fast-food-fast-React/client/src/components/FlashMessagesList.jsx": {"path":"/Users/anthonynwosu/Desktop/fast-food-fast-React/client/src/components/FlashMessagesList.jsx","statementMap":{"0":{"start":{"line":8,"column":32},"end":{"line":24,"column":1}},"1":{"start":{"line":9,"column":62},"end":{"line":9,"column":67}},"2":{"start":{"line":10,"column":26},"end":{"line":17,"column":4}},"3":{"start":{"line":11,"column":4},"end":{"line":16,"column":6}},"4":{"start":{"line":18,"column":2},"end":{"line":23,"column":4}},"5":{"start":{"line":26,"column":0},"end":{"line":33,"column":2}},"6":{"start":{"line":35,"column":0},"end":{"line":37,"column":2}},"7":{"start":{"line":39,"column":31},"end":{"line":41,"column":2}},"8":{"start":{"line":39,"column":41},"end":{"line":41,"column":1}},"9":{"start":{"line":43,"column":27},"end":{"line":45,"column":1}}},"fnMap":{"0":{"name":"(anonymous_0)","decl":{"start":{"line":8,"column":32},"end":{"line":8,"column":33}},"loc":{"start":{"line":8,"column":43},"end":{"line":24,"column":1}},"line":8},"1":{"name":"(anonymous_1)","decl":{"start":{"line":10,"column":39},"end":{"line":10,"column":40}},"loc":{"start":{"line":11,"column":4},"end":{"line":16,"column":6}},"line":11},"2":{"name":"(anonymous_2)","decl":{"start":{"line":39,"column":31},"end":{"line":39,"column":32}},"loc":{"start":{"line":39,"column":41},"end":{"line":41,"column":1}},"line":39}},"branchMap":{},"s":{"0":16,"1":1,"2":1,"3":1,"4":1,"5":16,"6":16,"7":16,"8":2,"9":16},"f":{"0":1,"1":1,"2":2},"b":{},"_coverageSchema":"43e27e138ebf9cfc5966b082cf9a028302ed4184","hash":"887a022bca17abfd4867edfda98fee108fbf0b15"}
,"/Users/anthonynwosu/Desktop/fast-food-fast-React/client/src/components/FoodCard.jsx": {"path":"/Users/anthonynwosu/Desktop/fast-food-fast-React/client/src/components/FoodCard.jsx","statementMap":{"0":{"start":{"line":6,"column":17},"end":{"line":19,"column":1}},"1":{"start":{"line":7,"column":2},"end":{"line":18,"column":19}},"2":{"start":{"line":13,"column":25},"end":{"line":13,"column":65}},"3":{"start":{"line":21,"column":0},"end":{"line":24,"column":2}}},"fnMap":{"0":{"name":"(anonymous_0)","decl":{"start":{"line":6,"column":17},"end":{"line":6,"column":18}},"loc":{"start":{"line":7,"column":2},"end":{"line":18,"column":19}},"line":7},"1":{"name":"(anonymous_1)","decl":{"start":{"line":13,"column":17},"end":{"line":13,"column":18}},"loc":{"start":{"line":13,"column":23},"end":{"line":13,"column":67}},"line":13}},"branchMap":{},"s":{"0":13,"1":1,"2":1,"3":13},"f":{"0":1,"1":1},"b":{},"_coverageSchema":"43e27e138ebf9cfc5966b082cf9a028302ed4184","hash":"b62d171b4e7a69e6a85e856f7cc8d6f8d5074548"}
,"/Users/anthonynwosu/Desktop/fast-food-fast-React/client/src/components/Footer.jsx": {"path":"/Users/anthonynwosu/Desktop/fast-food-fast-React/client/src/components/Footer.jsx","statementMap":{"0":{"start":{"line":4,"column":15},"end":{"line":11,"column":1}},"1":{"start":{"line":5,"column":2},"end":{"line":10,"column":11}},"2":{"start":{"line":14,"column":0},"end":{"line":17,"column":2}},"3":{"start":{"line":19,"column":0},"end":{"line":21,"column":2}}},"fnMap":{"0":{"name":"(anonymous_0)","decl":{"start":{"line":4,"column":15},"end":{"line":4,"column":16}},"loc":{"start":{"line":5,"column":2},"end":{"line":10,"column":11}},"line":5}},"branchMap":{},"s":{"0":14,"1":1,"2":14,"3":14},"f":{"0":1},"b":{},"_coverageSchema":"43e27e138ebf9cfc5966b082cf9a028302ed4184","hash":"c48f22ba9ba9f9f1d310c59664d5544723de1d2f"}
,"/Users/anthonynwosu/Desktop/fast-food-fast-React/client/src/components/ForgotPasswordForm.jsx": {"path":"/Users/anthonynwosu/Desktop/fast-food-fast-React/client/src/components/ForgotPasswordForm.jsx","statementMap":{"0":{"start":{"line":6,"column":27},"end":{"line":55,"column":1}},"1":{"start":{"line":13,"column":2},"end":{"line":54,"column":12}},"2":{"start":{"line":57,"column":0},"end":{"line":62,"column":2}}},"fnMap":{"0":{"name":"(anonymous_0)","decl":{"start":{"line":6,"column":27},"end":{"line":6,"column":28}},"loc":{"start":{"line":13,"column":2},"end":{"line":54,"column":12}},"line":13}},"branchMap":{"0":{"loc":{"start":{"line":21,"column":15},"end":{"line":21,"column":37}},"type":"binary-expr","locations":[{"start":{"line":21,"column":15},"end":{"line":21,"column":21}},{"start":{"line":21,"column":25},"end":{"line":21,"column":37}}],"line":21}},"s":{"0":13,"1":1,"2":13},"f":{"0":1},"b":{"0":[1,1]},"_coverageSchema":"43e27e138ebf9cfc5966b082cf9a028302ed4184","hash":"db0e43f8d5b6be1816544dca7724fde30a6a5583"}
,"/Users/anthonynwosu/Desktop/fast-food-fast-React/client/src/components/GuestNavbar.jsx": {"path":"/Users/anthonynwosu/Desktop/fast-food-fast-React/client/src/components/GuestNavbar.jsx","statementMap":{"0":{"start":{"line":5,"column":20},"end":{"line":26,"column":1}},"1":{"start":{"line":6,"column":2},"end":{"line":25,"column":8}}},"fnMap":{"0":{"name":"(anonymous_0)","decl":{"start":{"line":5,"column":20},"end":{"line":5,"column":21}},"loc":{"start":{"line":6,"column":2},"end":{"line":25,"column":8}},"line":6}},"branchMap":{"0":{"loc":{"start":{"line":19,"column":11},"end":{"line":19,"column":44}},"type":"binary-expr","locations":[{"start":{"line":19,"column":11},"end":{"line":19,"column":39}},{"start":{"line":19,"column":43},"end":{"line":19,"column":44}}],"line":19}},"s":{"0":14,"1":1},"f":{"0":1},"b":{"0":[1,1]},"_coverageSchema":"43e27e138ebf9cfc5966b082cf9a028302ed4184","hash":"c61256a1610d296fcd96167449d2499848343bee"}
,"/Users/anthonynwosu/Desktop/fast-food-fast-React/client/src/components/LandingPage.jsx": {"path":"/Users/anthonynwosu/Desktop/fast-food-fast-React/client/src/components/LandingPage.jsx","statementMap":{"0":{"start":{"line":17,"column":4},"end":{"line":17,"column":17}},"1":{"start":{"line":19,"column":4},"end":{"line":19,"column":35}},"2":{"start":{"line":49,"column":8},"end":{"line":49,"column":18}},"3":{"start":{"line":50,"column":4},"end":{"line":156,"column":6}},"4":{"start":{"line":160,"column":0},"end":{"line":162,"column":2}}},"fnMap":{"0":{"name":"(anonymous_0)","decl":{"start":{"line":16,"column":2},"end":{"line":16,"column":3}},"loc":{"start":{"line":16,"column":21},"end":{"line":20,"column":3}},"line":16},"1":{"name":"(anonymous_1)","decl":{"start":{"line":22,"column":2},"end":{"line":22,"column":3}},"loc":{"start":{"line":22,"column":11},"end":{"line":157,"column":3}},"line":22}},"branchMap":{"0":{"loc":{"start":{"line":58,"column":42},"end":{"line":59,"column":33}},"type":"cond-expr","locations":[{"start":{"line":59,"column":14},"end":{"line":59,"column":26}},{"start":{"line":59,"column":29},"end":{"line":59,"column":33}}],"line":58},"1":{"loc":{"start":{"line":65,"column":12},"end":{"line":65,"column":51}},"type":"cond-expr","locations":[{"start":{"line":65,"column":34},"end":{"line":65,"column":44}},{"start":{"line":65,"column":47},"end":{"line":65,"column":51}}],"line":65},"2":{"loc":{"start":{"line":68,"column":46},"end":{"line":69,"column":35}},"type":"cond-expr","locations":[{"start":{"line":69,"column":18},"end":{"line":69,"column":28}},{"start":{"line":69,"column":31},"end":{"line":69,"column":35}}],"line":68},"3":{"loc":{"start":{"line":70,"column":14},"end":{"line":70,"column":53}},"type":"cond-expr","locations":[{"start":{"line":70,"column":36},"end":{"line":70,"column":40}},{"start":{"line":70,"column":43},"end":{"line":70,"column":53}}],"line":70},"4":{"loc":{"start":{"line":80,"column":13},"end":{"line":91,"column":13}},"type":"binary-expr","locations":[{"start":{"line":80,"column":13},"end":{"line":80,"column":32}},{"start":{"line":81,"column":12},"end":{"line":90,"column":14}}],"line":80},"5":{"loc":{"start":{"line":93,"column":13},"end":{"line":102,"column":13}},"type":"binary-expr","locations":[{"start":{"line":93,"column":13},"end":{"line":93,"column":33}},{"start":{"line":94,"column":12},"end":{"line":101,"column":14}}],"line":93},"6":{"loc":{"start":{"line":104,"column":13},"end":{"line":111,"column":13}},"type":"binary-expr","locations":[{"start":{"line":104,"column":13},"end":{"line":104,"column":41}},{"start":{"line":105,"column":12},"end":{"line":110,"column":14}}],"line":104}},"s":{"0":1,"1":1,"2":1,"3":1,"4":13},"f":{"0":1,"1":1},"b":{"0":[0,1],"1":[1,0],"2":[1,0],"3":[1,0],"4":[1,1],"5":[1,1],"6":[1,1]},"_coverageSchema":"43e27e138ebf9cfc5966b082cf9a028302ed4184","hash":"462cafcf192a5b7e5fa4924af424539971d8fe66"}
,"/Users/anthonynwosu/Desktop/fast-food-fast-React/client/src/components/LayoutContainer.jsx": {"path":"/Users/anthonynwosu/Desktop/fast-food-fast-React/client/src/components/LayoutContainer.jsx","statementMap":{"0":{"start":{"line":6,"column":24},"end":{"line":15,"column":1}},"1":{"start":{"line":7,"column":2},"end":{"line":14,"column":4}},"2":{"start":{"line":10,"column":6},"end":{"line":12,"column":15}},"3":{"start":{"line":17,"column":0},"end":{"line":20,"column":2}}},"fnMap":{"0":{"name":"(anonymous_0)","decl":{"start":{"line":6,"column":24},"end":{"line":6,"column":25}},"loc":{"start":{"line":7,"column":2},"end":{"line":14,"column":4}},"line":7},"1":{"name":"(anonymous_1)","decl":{"start":{"line":9,"column":12},"end":{"line":9,"column":13}},"loc":{"start":{"line":10,"column":6},"end":{"line":12,"column":15}},"line":10}},"branchMap":{},"s":{"0":13,"1":1,"2":0,"3":13},"f":{"0":1,"1":0},"b":{},"_coverageSchema":"43e27e138ebf9cfc5966b082cf9a028302ed4184","hash":"0492743eeb29235eb83adc412298d2fa59b6a80f"}
,"/Users/anthonynwosu/Desktop/fast-food-fast-React/client/src/components/LinkButton.jsx": {"path":"/Users/anthonynwosu/Desktop/fast-food-fast-React/client/src/components/LinkButton.jsx","statementMap":{"0":{"start":{"line":6,"column":19},"end":{"line":27,"column":1}},"1":{"start":{"line":16,"column":6},"end":{"line":16,"column":11}},"2":{"start":{"line":17,"column":2},"end":{"line":26,"column":4}},"3":{"start":{"line":22,"column":8},"end":{"line":22,"column":39}},"4":{"start":{"line":23,"column":8},"end":{"line":23,"column":25}},"5":{"start":{"line":29,"column":0},"end":{"line":37,"column":2}},"6":{"start":{"line":39,"column":0},"end":{"line":42,"column":2}}},"fnMap":{"0":{"name":"(anonymous_0)","decl":{"start":{"line":6,"column":19},"end":{"line":6,"column":20}},"loc":{"start":{"line":6,"column":30},"end":{"line":27,"column":1}},"line":6},"1":{"name":"(anonymous_1)","decl":{"start":{"line":21,"column":15},"end":{"line":21,"column":16}},"loc":{"start":{"line":21,"column":26},"end":{"line":24,"column":7}},"line":21},"2":{"name":"(anonymous_2)","decl":{"start":{"line":40,"column":11},"end":{"line":40,"column":12}},"loc":{"start":{"line":40,"column":17},"end":{"line":40,"column":19}},"line":40}},"branchMap":{"0":{"loc":{"start":{"line":22,"column":8},"end":{"line":22,"column":39}},"type":"if","locations":[{"start":{"line":22,"column":8},"end":{"line":22,"column":39}},{"start":{"line":22,"column":8},"end":{"line":22,"column":39}}],"line":22},"1":{"loc":{"start":{"line":22,"column":12},"end":{"line":22,"column":37}},"type":"binary-expr","locations":[{"start":{"line":22,"column":12},"end":{"line":22,"column":19}},{"start":{"line":22,"column":23},"end":{"line":22,"column":37}}],"line":22}},"s":{"0":13,"1":0,"2":0,"3":0,"4":0,"5":13,"6":13},"f":{"0":0,"1":0,"2":0},"b":{"0":[0,0],"1":[0,0]},"_coverageSchema":"43e27e138ebf9cfc5966b082cf9a028302ed4184","hash":"11690a5e4e99b4f00965af6aa3dbe8f0210c6d0a"}
,"/Users/anthonynwosu/Desktop/fast-food-fast-React/client/src/components/LoginForm.jsx": {"path":"/Users/anthonynwosu/Desktop/fast-food-fast-React/client/src/components/LoginForm.jsx","statementMap":{"0":{"start":{"line":7,"column":18},"end":{"line":83,"column":1}},"1":{"start":{"line":18,"column":2},"end":{"line":82,"column":12}},"2":{"start":{"line":85,"column":0},"end":{"line":91,"column":2}}},"fnMap":{"0":{"name":"(anonymous_0)","decl":{"start":{"line":7,"column":18},"end":{"line":7,"column":19}},"loc":{"start":{"line":18,"column":2},"end":{"line":82,"column":12}},"line":18}},"branchMap":{"0":{"loc":{"start":{"line":24,"column":15},"end":{"line":24,"column":47}},"type":"binary-expr","locations":[{"start":{"line":24,"column":15},"end":{"line":24,"column":26}},{"start":{"line":24,"column":30},"end":{"line":24,"column":47}}],"line":24},"1":{"loc":{"start":{"line":40,"column":15},"end":{"line":40,"column":50}},"type":"binary-expr","locations":[{"start":{"line":40,"column":15},"end":{"line":40,"column":26}},{"start":{"line":40,"column":30},"end":{"line":40,"column":50}}],"line":40},"2":{"loc":{"start":{"line":72,"column":18},"end":{"line":72,"column":66}},"type":"binary-expr","locations":[{"start":{"line":72,"column":18},"end":{"line":72,"column":27}},{"start":{"line":72,"column":31},"end":{"line":72,"column":66}}],"line":72}},"s":{"0":14,"1":1,"2":14},"f":{"0":1},"b":{"0":[1,1],"1":[1,1],"2":[1,1]},"_coverageSchema":"43e27e138ebf9cfc5966b082cf9a028302ed4184","hash":"6ac0e9e6c5512381ef8dffe3572f5fe7293f4fb3"}
,"/Users/anthonynwosu/Desktop/fast-food-fast-React/client/src/components/OrderHistory.jsx": {"path":"/Users/anthonynwosu/Desktop/fast-food-fast-React/client/src/components/OrderHistory.jsx","statementMap":{"0":{"start":{"line":5,"column":21},"end":{"line":62,"column":1}},"1":{"start":{"line":6,"column":18},"end":{"line":8,"column":3}},"2":{"start":{"line":9,"column":2},"end":{"line":61,"column":4}},"3":{"start":{"line":32,"column":10},"end":{"line":54,"column":15}}},"fnMap":{"0":{"name":"(anonymous_0)","decl":{"start":{"line":5,"column":21},"end":{"line":5,"column":22}},"loc":{"start":{"line":5,"column":36},"end":{"line":62,"column":1}},"line":5},"1":{"name":"(anonymous_1)","decl":{"start":{"line":31,"column":31},"end":{"line":31,"column":32}},"loc":{"start":{"line":32,"column":10},"end":{"line":54,"column":15}},"line":32}},"branchMap":{},"s":{"0":13,"1":1,"2":1,"3":0},"f":{"0":1,"1":0},"b":{},"_coverageSchema":"43e27e138ebf9cfc5966b082cf9a028302ed4184","hash":"243eaf6996b8b118db8103916c0929c09f6d0e1d"}
,"/Users/anthonynwosu/Desktop/fast-food-fast-React/client/src/components/Payment.jsx": {"path":"/Users/anthonynwosu/Desktop/fast-food-fast-React/client/src/components/Payment.jsx","statementMap":{"0":{"start":{"line":6,"column":16},"end":{"line":47,"column":1}},"1":{"start":{"line":13,"column":2},"end":{"line":46,"column":19}},"2":{"start":{"line":50,"column":0},"end":{"line":56,"column":2}}},"fnMap":{"0":{"name":"(anonymous_0)","decl":{"start":{"line":6,"column":16},"end":{"line":6,"column":17}},"loc":{"start":{"line":13,"column":2},"end":{"line":46,"column":19}},"line":13}},"branchMap":{"0":{"loc":{"start":{"line":19,"column":17},"end":{"line":19,"column":49}},"type":"binary-expr","locations":[{"start":{"line":19,"column":17},"end":{"line":19,"column":23}},{"start":{"line":19,"column":27},"end":{"line":19,"column":49}}],"line":19},"1":{"loc":{"start":{"line":29,"column":17},"end":{"line":29,"column":46}},"type":"binary-expr","locations":[{"start":{"line":29,"column":17},"end":{"line":29,"column":23}},{"start":{"line":29,"column":27},"end":{"line":29,"column":46}}],"line":29}},"s":{"0":13,"1":1,"2":13},"f":{"0":1},"b":{"0":[1,1],"1":[1,1]},"_coverageSchema":"43e27e138ebf9cfc5966b082cf9a028302ed4184","hash":"ffab0c5bafd58adf7a889e15ae24ce54dd04f4fa"}
,"/Users/anthonynwosu/Desktop/fast-food-fast-React/client/src/components/PreLoginLayout.jsx": {"path":"/Users/anthonynwosu/Desktop/fast-food-fast-React/client/src/components/PreLoginLayout.jsx","statementMap":{"0":{"start":{"line":6,"column":23},"end":{"line":13,"column":1}},"1":{"start":{"line":7,"column":2},"end":{"line":12,"column":8}},"2":{"start":{"line":15,"column":0},"end":{"line":17,"column":2}}},"fnMap":{"0":{"name":"(anonymous_0)","decl":{"start":{"line":6,"column":23},"end":{"line":6,"column":24}},"loc":{"start":{"line":7,"column":2},"end":{"line":12,"column":8}},"line":7}},"branchMap":{},"s":{"0":13,"1":1,"2":13},"f":{"0":1},"b":{},"_coverageSchema":"43e27e138ebf9cfc5966b082cf9a028302ed4184","hash":"723de372cdf32debc4e5ae4407c39d308ae42718"}
,"/Users/anthonynwosu/Desktop/fast-food-fast-React/client/src/components/PreLoginNavbar.jsx": {"path":"/Users/anthonynwosu/Desktop/fast-food-fast-React/client/src/components/PreLoginNavbar.jsx","statementMap":{"0":{"start":{"line":5,"column":23},"end":{"line":22,"column":1}},"1":{"start":{"line":6,"column":2},"end":{"line":21,"column":8}},"2":{"start":{"line":24,"column":0},"end":{"line":26,"column":2}}},"fnMap":{"0":{"name":"(anonymous_0)","decl":{"start":{"line":5,"column":23},"end":{"line":5,"column":24}},"loc":{"start":{"line":6,"column":2},"end":{"line":21,"column":8}},"line":6}},"branchMap":{},"s":{"0":14,"1":1,"2":14},"f":{"0":1},"b":{},"_coverageSchema":"43e27e138ebf9cfc5966b082cf9a028302ed4184","hash":"e82a37d28be2be785dd0270e4ffe097233886048"}
,"/Users/anthonynwosu/Desktop/fast-food-fast-React/client/src/components/SelectFieldGroup.jsx": {"path":"/Users/anthonynwosu/Desktop/fast-food-fast-React/client/src/components/SelectFieldGroup.jsx","statementMap":{"0":{"start":{"line":4,"column":25},"end":{"line":28,"column":1}},"1":{"start":{"line":13,"column":2},"end":{"line":26,"column":11}},"2":{"start":{"line":22,"column":6},"end":{"line":24,"column":15}},"3":{"start":{"line":31,"column":0},"end":{"line":41,"column":2}}},"fnMap":{"0":{"name":"(anonymous_0)","decl":{"start":{"line":4,"column":25},"end":{"line":4,"column":26}},"loc":{"start":{"line":13,"column":2},"end":{"line":26,"column":11}},"line":13},"1":{"name":"(anonymous_1)","decl":{"start":{"line":21,"column":20},"end":{"line":21,"column":21}},"loc":{"start":{"line":22,"column":6},"end":{"line":24,"column":15}},"line":22}},"branchMap":{},"s":{"0":14,"1":1,"2":1,"3":14},"f":{"0":1,"1":1},"b":{},"_coverageSchema":"43e27e138ebf9cfc5966b082cf9a028302ed4184","hash":"5d244c158d633cddd6c8197b138ced34c7674e6f"}
,"/Users/anthonynwosu/Desktop/fast-food-fast-React/client/src/components/ShoppingCart.jsx": {"path":"/Users/anthonynwosu/Desktop/fast-food-fast-React/client/src/components/ShoppingCart.jsx","statementMap":{"0":{"start":{"line":7,"column":21},"end":{"line":42,"column":1}},"1":{"start":{"line":14,"column":2},"end":{"line":41,"column":19}},"2":{"start":{"line":44,"column":0},"end":{"line":50,"column":2}}},"fnMap":{"0":{"name":"(anonymous_0)","decl":{"start":{"line":7,"column":21},"end":{"line":7,"column":22}},"loc":{"start":{"line":14,"column":2},"end":{"line":41,"column":19}},"line":14}},"branchMap":{},"s":{"0":13,"1":1,"2":13},"f":{"0":1},"b":{},"_coverageSchema":"43e27e138ebf9cfc5966b082cf9a028302ed4184","hash":"f7d9784b9a66d04dff65dba83a77b293916cb1c6"}
,"/Users/anthonynwosu/Desktop/fast-food-fast-React/client/src/components/SignupForm.jsx": {"path":"/Users/anthonynwosu/Desktop/fast-food-fast-React/client/src/components/SignupForm.jsx","statementMap":{"0":{"start":{"line":7,"column":19},"end":{"line":119,"column":1}},"1":{"start":{"line":20,"column":2},"end":{"line":118,"column":12}},"2":{"start":{"line":122,"column":0},"end":{"line":131,"column":2}}},"fnMap":{"0":{"name":"(anonymous_0)","decl":{"start":{"line":7,"column":19},"end":{"line":7,"column":20}},"loc":{"start":{"line":20,"column":2},"end":{"line":118,"column":12}},"line":20}},"branchMap":{"0":{"loc":{"start":{"line":23,"column":15},"end":{"line":23,"column":53}},"type":"binary-expr","locations":[{"start":{"line":23,"column":15},"end":{"line":23,"column":27}},{"start":{"line":23,"column":31},"end":{"line":23,"column":53}}],"line":23},"1":{"loc":{"start":{"line":40,"column":15},"end":{"line":40,"column":52}},"type":"binary-expr","locations":[{"start":{"line":40,"column":15},"end":{"line":40,"column":27}},{"start":{"line":40,"column":31},"end":{"line":40,"column":52}}],"line":40},"2":{"loc":{"start":{"line":57,"column":15},"end":{"line":57,"column":55}},"type":"binary-expr","locations":[{"start":{"line":57,"column":15},"end":{"line":57,"column":27}},{"start":{"line":57,"column":31},"end":{"line":57,"column":55}}],"line":57},"3":{"loc":{"start":{"line":74,"column":15},"end":{"line":74,"column":58}},"type":"binary-expr","locations":[{"start":{"line":74,"column":15},"end":{"line":74,"column":27}},{"start":{"line":74,"column":31},"end":{"line":74,"column":58}}],"line":74},"4":{"loc":{"start":{"line":92,"column":15},"end":{"line":92,"column":59}},"type":"binary-expr","locations":[{"start":{"line":92,"column":15},"end":{"line":92,"column":27}},{"start":{"line":92,"column":31},"end":{"line":92,"column":59}}],"line":92},"5":{"loc":{"start":{"line":115,"column":18},"end":{"line":115,"column":67}},"type":"binary-expr","locations":[{"start":{"line":115,"column":18},"end":{"line":115,"column":27}},{"start":{"line":115,"column":31},"end":{"line":115,"column":67}}],"line":115}},"s":{"0":14,"1":1,"2":14},"f":{"0":1},"b":{"0":[1,1],"1":[1,1],"2":[1,1],"3":[1,1],"4":[1,1],"5":[1,1]},"_coverageSchema":"43e27e138ebf9cfc5966b082cf9a028302ed4184","hash":"655fd47d3de5c142bbaa0dbff4819b5c6c2949bd"}
,"/Users/anthonynwosu/Desktop/fast-food-fast-React/client/src/components/Spinner.jsx": {"path":"/Users/anthonynwosu/Desktop/fast-food-fast-React/client/src/components/Spinner.jsx","statementMap":{"0":{"start":{"line":5,"column":16},"end":{"line":9,"column":1}},"1":{"start":{"line":6,"column":2},"end":{"line":8,"column":8}},"2":{"start":{"line":11,"column":0},"end":{"line":13,"column":2}},"3":{"start":{"line":15,"column":0},"end":{"line":17,"column":2}}},"fnMap":{"0":{"name":"(anonymous_0)","decl":{"start":{"line":5,"column":16},"end":{"line":5,"column":17}},"loc":{"start":{"line":6,"column":2},"end":{"line":8,"column":8}},"line":6}},"branchMap":{},"s":{"0":14,"1":1,"2":14,"3":14},"f":{"0":1},"b":{},"_coverageSchema":"43e27e138ebf9cfc5966b082cf9a028302ed4184","hash":"1760b48ed7810f855d55af91731c824670d2e19e"}
,"/Users/anthonynwosu/Desktop/fast-food-fast-React/client/src/components/Switcher.jsx": {"path":"/Users/anthonynwosu/Desktop/fast-food-fast-React/client/src/components/Switcher.jsx","statementMap":{"0":{"start":{"line":5,"column":17},"end":{"line":37,"column":1}},"1":{"start":{"line":14,"column":2},"end":{"line":36,"column":7}},"2":{"start":{"line":39,"column":0},"end":{"line":45,"column":2}},"3":{"start":{"line":47,"column":0},"end":{"line":49,"column":2}}},"fnMap":{"0":{"name":"(anonymous_0)","decl":{"start":{"line":5,"column":17},"end":{"line":5,"column":18}},"loc":{"start":{"line":14,"column":2},"end":{"line":36,"column":7}},"line":14}},"branchMap":{},"s":{"0":14,"1":1,"2":14,"3":14},"f":{"0":1},"b":{},"_coverageSchema":"43e27e138ebf9cfc5966b082cf9a028302ed4184","hash":"66e8ad606250be518491116b3421ca212365216b"}
,"/Users/anthonynwosu/Desktop/fast-food-fast-React/client/src/components/TextFieldGroup.jsx": {"path":"/Users/anthonynwosu/Desktop/fast-food-fast-React/client/src/components/TextFieldGroup.jsx","statementMap":{"0":{"start":{"line":4,"column":23},"end":{"line":52,"column":1}},"1":{"start":{"line":23,"column":2},"end":{"line":24,"column":25}},"2":{"start":{"line":23,"column":13},"end":{"line":23,"column":40}},"3":{"start":{"line":24,"column":7},"end":{"line":24,"column":25}},"4":{"start":{"line":25,"column":2},"end":{"line":51,"column":4}},"5":{"start":{"line":54,"column":0},"end":{"line":70,"column":2}},"6":{"start":{"line":72,"column":0},"end":{"line":80,"column":2}}},"fnMap":{"0":{"name":"(anonymous_0)","decl":{"start":{"line":4,"column":23},"end":{"line":4,"column":24}},"loc":{"start":{"line":21,"column":6},"end":{"line":52,"column":1}},"line":21}},"branchMap":{"0":{"loc":{"start":{"line":23,"column":2},"end":{"line":24,"column":25}},"type":"if","locations":[{"start":{"line":23,"column":2},"end":{"line":24,"column":25}},{"start":{"line":23,"column":2},"end":{"line":24,"column":25}}],"line":23}},"s":{"0":16,"1":5,"2":4,"3":1,"4":5,"5":16,"6":16},"f":{"0":5},"b":{"0":[4,1]},"_coverageSchema":"43e27e138ebf9cfc5966b082cf9a028302ed4184","hash":"7ec5808225b4da83df01a5986f6df4994c8aa627"}
,"/Users/anthonynwosu/Desktop/fast-food-fast-React/client/src/components/UserNavbar.jsx": {"path":"/Users/anthonynwosu/Desktop/fast-food-fast-React/client/src/components/UserNavbar.jsx","statementMap":{"0":{"start":{"line":5,"column":19},"end":{"line":23,"column":1}},"1":{"start":{"line":6,"column":2},"end":{"line":22,"column":8}},"2":{"start":{"line":25,"column":0},"end":{"line":28,"column":2}}},"fnMap":{"0":{"name":"(anonymous_0)","decl":{"start":{"line":5,"column":19},"end":{"line":5,"column":20}},"loc":{"start":{"line":6,"column":2},"end":{"line":22,"column":8}},"line":6}},"branchMap":{"0":{"loc":{"start":{"line":16,"column":11},"end":{"line":16,"column":34}},"type":"binary-expr","locations":[{"start":{"line":16,"column":11},"end":{"line":16,"column":29}},{"start":{"line":16,"column":33},"end":{"line":16,"column":34}}],"line":16}},"s":{"0":14,"1":1,"2":14},"f":{"0":1},"b":{"0":[1,1]},"_coverageSchema":"43e27e138ebf9cfc5966b082cf9a028302ed4184","hash":"f45788c65ff6da99322fc032766cb97e21e6466e"}
,"/Users/anthonynwosu/Desktop/fast-food-fast-React/client/src/components/index.jsx": {"path":"/Users/anthonynwosu/Desktop/fast-food-fast-React/client/src/components/index.jsx","statementMap":{},"fnMap":{},"branchMap":{},"s":{},"f":{},"b":{},"_coverageSchema":"43e27e138ebf9cfc5966b082cf9a028302ed4184","hash":"66077f8c40acb6d7a813ef05555ef4387b4989e4"}
,"/Users/anthonynwosu/Desktop/fast-food-fast-React/client/src/reducers/authReducer.js": {"path":"/Users/anthonynwosu/Desktop/fast-food-fast-React/client/src/reducers/authReducer.js","statementMap":{"0":{"start":{"line":5,"column":21},"end":{"line":8,"column":1}},"1":{"start":{"line":10,"column":20},"end":{"line":25,"column":1}},"2":{"start":{"line":11,"column":2},"end":{"line":24,"column":3}},"3":{"start":{"line":13,"column":6},"end":{"line":22,"column":8}},"4":{"start":{"line":23,"column":13},"end":{"line":23,"column":26}}},"fnMap":{"0":{"name":"(anonymous_0)","decl":{"start":{"line":10,"column":20},"end":{"line":10,"column":21}},"loc":{"start":{"line":10,"column":59},"end":{"line":25,"column":1}},"line":10}},"branchMap":{"0":{"loc":{"start":{"line":10,"column":21},"end":{"line":10,"column":41}},"type":"default-arg","locations":[{"start":{"line":10,"column":29},"end":{"line":10,"column":41}}],"line":10},"1":{"loc":{"start":{"line":10,"column":43},"end":{"line":10,"column":54}},"type":"default-arg","locations":[{"start":{"line":10,"column":52},"end":{"line":10,"column":54}}],"line":10},"2":{"loc":{"start":{"line":11,"column":2},"end":{"line":24,"column":3}},"type":"switch","locations":[{"start":{"line":12,"column":4},"end":{"line":22,"column":8}},{"start":{"line":23,"column":4},"end":{"line":23,"column":26}}],"line":11},"3":{"loc":{"start":{"line":14,"column":29},"end":{"line":16,"column":42}},"type":"binary-expr","locations":[{"start":{"line":14,"column":29},"end":{"line":14,"column":44}},{"start":{"line":15,"column":11},"end":{"line":15,"column":50}},{"start":{"line":16,"column":11},"end":{"line":16,"column":42}}],"line":14},"4":{"loc":{"start":{"line":17,"column":30},"end":{"line":20,"column":49}},"type":"binary-expr","locations":[{"start":{"line":17,"column":30},"end":{"line":17,"column":45}},{"start":{"line":18,"column":11},"end":{"line":18,"column":50}},{"start":{"line":19,"column":12},"end":{"line":19,"column":44}},{"start":{"line":20,"column":11},"end":{"line":20,"column":48}}],"line":17}},"s":{"0":1,"1":1,"2":1,"3":0,"4":1},"f":{"0":1},"b":{"0":[1],"1":[0],"2":[0,1],"3":[0,0,0],"4":[0,0,0,0]},"_coverageSchema":"43e27e138ebf9cfc5966b082cf9a028302ed4184","hash":"f9e74fa54f052cb8e444f0eb951f6991678ba7ee"}
,"/Users/anthonynwosu/Desktop/fast-food-fast-React/client/src/reducers/cartReducer.js": {"path":"/Users/anthonynwosu/Desktop/fast-food-fast-React/client/src/reducers/cartReducer.js","statementMap":{"0":{"start":{"line":5,"column":21},"end":{"line":11,"column":1}},"1":{"start":{"line":14,"column":20},"end":{"line":38,"column":1}},"2":{"start":{"line":15,"column":2},"end":{"line":37,"column":3}},"3":{"start":{"line":17,"column":6},"end":{"line":22,"column":8}},"4":{"start":{"line":24,"column":6},"end":{"line":24,"column":72}},"5":{"start":{"line":25,"column":6},"end":{"line":28,"column":8}},"6":{"start":{"line":30,"column":6},"end":{"line":35,"column":8}},"7":{"start":{"line":36,"column":13},"end":{"line":36,"column":26}}},"fnMap":{"0":{"name":"(anonymous_0)","decl":{"start":{"line":14,"column":20},"end":{"line":14,"column":21}},"loc":{"start":{"line":14,"column":59},"end":{"line":38,"column":1}},"line":14}},"branchMap":{"0":{"loc":{"start":{"line":14,"column":21},"end":{"line":14,"column":41}},"type":"default-arg","locations":[{"start":{"line":14,"column":29},"end":{"line":14,"column":41}}],"line":14},"1":{"loc":{"start":{"line":14,"column":43},"end":{"line":14,"column":54}},"type":"default-arg","locations":[{"start":{"line":14,"column":52},"end":{"line":14,"column":54}}],"line":14},"2":{"loc":{"start":{"line":15,"column":2},"end":{"line":37,"column":3}},"type":"switch","locations":[{"start":{"line":16,"column":4},"end":{"line":22,"column":8}},{"start":{"line":23,"column":4},"end":{"line":28,"column":8}},{"start":{"line":29,"column":4},"end":{"line":35,"column":8}},{"start":{"line":36,"column":4},"end":{"line":36,"column":26}}],"line":15}},"s":{"0":1,"1":1,"2":3,"3":1,"4":0,"5":0,"6":1,"7":1},"f":{"0":3},"b":{"0":[1],"1":[0],"2":[1,0,1,1]},"_coverageSchema":"43e27e138ebf9cfc5966b082cf9a028302ed4184","hash":"4b20b6d551c6a8cfcb70bc5b0b694aa05eb0e57b"}
,"/Users/anthonynwosu/Desktop/fast-food-fast-React/client/src/reducers/flashReducer.js": {"path":"/Users/anthonynwosu/Desktop/fast-food-fast-React/client/src/reducers/flashReducer.js","statementMap":{"0":{"start":{"line":8,"column":2},"end":{"line":25,"column":3}},"1":{"start":{"line":10,"column":6},"end":{"line":17,"column":8}},"2":{"start":{"line":19,"column":6},"end":{"line":21,"column":8}},"3":{"start":{"line":20,"column":35},"end":{"line":20,"column":59}},"4":{"start":{"line":23,"column":6},"end":{"line":23,"column":16}},"5":{"start":{"line":24,"column":13},"end":{"line":24,"column":26}}},"fnMap":{"0":{"name":"(anonymous_0)","decl":{"start":{"line":7,"column":15},"end":{"line":7,"column":16}},"loc":{"start":{"line":7,"column":44},"end":{"line":26,"column":1}},"line":7},"1":{"name":"(anonymous_1)","decl":{"start":{"line":20,"column":24},"end":{"line":20,"column":25}},"loc":{"start":{"line":20,"column":35},"end":{"line":20,"column":59}},"line":20}},"branchMap":{"0":{"loc":{"start":{"line":7,"column":16},"end":{"line":7,"column":26}},"type":"default-arg","locations":[{"start":{"line":7,"column":24},"end":{"line":7,"column":26}}],"line":7},"1":{"loc":{"start":{"line":7,"column":28},"end":{"line":7,"column":39}},"type":"default-arg","locations":[{"start":{"line":7,"column":37},"end":{"line":7,"column":39}}],"line":7},"2":{"loc":{"start":{"line":8,"column":2},"end":{"line":25,"column":3}},"type":"switch","locations":[{"start":{"line":9,"column":4},"end":{"line":17,"column":8}},{"start":{"line":18,"column":4},"end":{"line":21,"column":8}},{"start":{"line":22,"column":4},"end":{"line":23,"column":16}},{"start":{"line":24,"column":4},"end":{"line":24,"column":26}}],"line":8}},"s":{"0":2,"1":0,"2":0,"3":0,"4":1,"5":1},"f":{"0":2,"1":0},"b":{"0":[1],"1":[0],"2":[0,0,1,1]},"_coverageSchema":"43e27e138ebf9cfc5966b082cf9a028302ed4184","hash":"31c64f31dc8a6db9ef87629637d1ecb8e8f0c982"}
,"/Users/anthonynwosu/Desktop/fast-food-fast-React/client/src/reducers/menuReducer.js": {"path":"/Users/anthonynwosu/Desktop/fast-food-fast-React/client/src/reducers/menuReducer.js","statementMap":{"0":{"start":{"line":5,"column":21},"end":{"line":5,"column":23}},"1":{"start":{"line":7,"column":20},"end":{"line":14,"column":1}},"2":{"start":{"line":8,"column":2},"end":{"line":13,"column":3}},"3":{"start":{"line":10,"column":6},"end":{"line":10,"column":25}},"4":{"start":{"line":12,"column":13},"end":{"line":12,"column":26}}},"fnMap":{"0":{"name":"(anonymous_0)","decl":{"start":{"line":7,"column":20},"end":{"line":7,"column":21}},"loc":{"start":{"line":7,"column":59},"end":{"line":14,"column":1}},"line":7}},"branchMap":{"0":{"loc":{"start":{"line":7,"column":21},"end":{"line":7,"column":41}},"type":"default-arg","locations":[{"start":{"line":7,"column":29},"end":{"line":7,"column":41}}],"line":7},"1":{"loc":{"start":{"line":7,"column":43},"end":{"line":7,"column":54}},"type":"default-arg","locations":[{"start":{"line":7,"column":52},"end":{"line":7,"column":54}}],"line":7},"2":{"loc":{"start":{"line":8,"column":2},"end":{"line":13,"column":3}},"type":"switch","locations":[{"start":{"line":9,"column":4},"end":{"line":10,"column":25}},{"start":{"line":12,"column":4},"end":{"line":12,"column":26}}],"line":8}},"s":{"0":1,"1":1,"2":2,"3":1,"4":1},"f":{"0":2},"b":{"0":[1],"1":[0],"2":[1,1]},"_coverageSchema":"43e27e138ebf9cfc5966b082cf9a028302ed4184","hash":"97083ab7caf4de96c4426716f39c9a6eca1c07db"}
,"/Users/anthonynwosu/Desktop/fast-food-fast-React/client/src/reducers/orderReducer.js": {"path":"/Users/anthonynwosu/Desktop/fast-food-fast-React/client/src/reducers/orderReducer.js","statementMap":{"0":{"start":{"line":5,"column":21},"end":{"line":5,"column":23}},"1":{"start":{"line":7,"column":21},"end":{"line":13,"column":1}},"2":{"start":{"line":8,"column":2},"end":{"line":12,"column":3}},"3":{"start":{"line":10,"column":6},"end":{"line":10,"column":33}},"4":{"start":{"line":11,"column":13},"end":{"line":11,"column":26}}},"fnMap":{"0":{"name":"(anonymous_0)","decl":{"start":{"line":7,"column":21},"end":{"line":7,"column":22}},"loc":{"start":{"line":7,"column":60},"end":{"line":13,"column":1}},"line":7}},"branchMap":{"0":{"loc":{"start":{"line":7,"column":22},"end":{"line":7,"column":42}},"type":"default-arg","locations":[{"start":{"line":7,"column":30},"end":{"line":7,"column":42}}],"line":7},"1":{"loc":{"start":{"line":7,"column":44},"end":{"line":7,"column":55}},"type":"default-arg","locations":[{"start":{"line":7,"column":53},"end":{"line":7,"column":55}}],"line":7},"2":{"loc":{"start":{"line":8,"column":2},"end":{"line":12,"column":3}},"type":"switch","locations":[{"start":{"line":9,"column":4},"end":{"line":10,"column":33}},{"start":{"line":11,"column":4},"end":{"line":11,"column":26}}],"line":8}},"s":{"0":1,"1":1,"2":2,"3":1,"4":1},"f":{"0":2},"b":{"0":[1],"1":[0],"2":[1,1]},"_coverageSchema":"43e27e138ebf9cfc5966b082cf9a028302ed4184","hash":"d9575134c5da8ce623d43b1227e0d9374727cc5e"}
,"/Users/anthonynwosu/Desktop/fast-food-fast-React/client/src/utils/axiosMethods.js": {"path":"/Users/anthonynwosu/Desktop/fast-food-fast-React/client/src/utils/axiosMethods.js","statementMap":{"0":{"start":{"line":8,"column":23},"end":{"line":10,"column":34}},"1":{"start":{"line":12,"column":16},"end":{"line":19,"column":2}},"2":{"start":{"line":21,"column":0},"end":{"line":27,"column":2}},"3":{"start":{"line":23,"column":4},"end":{"line":23,"column":57}},"4":{"start":{"line":24,"column":4},"end":{"line":24,"column":18}},"5":{"start":{"line":26,"column":11},"end":{"line":26,"column":32}},"6":{"start":{"line":29,"column":19},"end":{"line":36,"column":1}},"7":{"start":{"line":30,"column":2},"end":{"line":35,"column":3}},"8":{"start":{"line":31,"column":21},"end":{"line":31,"column":45}},"9":{"start":{"line":32,"column":4},"end":{"line":32,"column":25}},"10":{"start":{"line":34,"column":4},"end":{"line":34,"column":56}},"11":{"start":{"line":38,"column":20},"end":{"line":45,"column":1}},"12":{"start":{"line":39,"column":2},"end":{"line":44,"column":3}},"13":{"start":{"line":40,"column":21},"end":{"line":40,"column":52}},"14":{"start":{"line":41,"column":4},"end":{"line":41,"column":25}},"15":{"start":{"line":43,"column":4},"end":{"line":43,"column":56}},"16":{"start":{"line":47,"column":19},"end":{"line":54,"column":1}},"17":{"start":{"line":48,"column":2},"end":{"line":53,"column":3}},"18":{"start":{"line":49,"column":21},"end":{"line":49,"column":51}},"19":{"start":{"line":50,"column":4},"end":{"line":50,"column":25}},"20":{"start":{"line":52,"column":4},"end":{"line":52,"column":56}},"21":{"start":{"line":56,"column":22},"end":{"line":63,"column":1}},"22":{"start":{"line":57,"column":2},"end":{"line":62,"column":3}},"23":{"start":{"line":58,"column":21},"end":{"line":58,"column":54}},"24":{"start":{"line":59,"column":4},"end":{"line":59,"column":25}},"25":{"start":{"line":61,"column":4},"end":{"line":61,"column":31}}},"fnMap":{"0":{"name":"(anonymous_0)","decl":{"start":{"line":22,"column":2},"end":{"line":22,"column":3}},"loc":{"start":{"line":22,"column":14},"end":{"line":25,"column":3}},"line":22},"1":{"name":"(anonymous_1)","decl":{"start":{"line":26,"column":2},"end":{"line":26,"column":3}},"loc":{"start":{"line":26,"column":11},"end":{"line":26,"column":32}},"line":26},"2":{"name":"(anonymous_2)","decl":{"start":{"line":29,"column":19},"end":{"line":29,"column":20}},"loc":{"start":{"line":29,"column":36},"end":{"line":36,"column":1}},"line":29},"3":{"name":"(anonymous_3)","decl":{"start":{"line":38,"column":20},"end":{"line":38,"column":21}},"loc":{"start":{"line":38,"column":43},"end":{"line":45,"column":1}},"line":38},"4":{"name":"(anonymous_4)","decl":{"start":{"line":47,"column":19},"end":{"line":47,"column":20}},"loc":{"start":{"line":47,"column":42},"end":{"line":54,"column":1}},"line":47},"5":{"name":"(anonymous_5)","decl":{"start":{"line":56,"column":22},"end":{"line":56,"column":23}},"loc":{"start":{"line":56,"column":45},"end":{"line":63,"column":1}},"line":56}},"branchMap":{"0":{"loc":{"start":{"line":8,"column":23},"end":{"line":10,"column":34}},"type":"cond-expr","locations":[{"start":{"line":9,"column":4},"end":{"line":9,"column":59}},{"start":{"line":10,"column":4},"end":{"line":10,"column":34}}],"line":8},"1":{"loc":{"start":{"line":34,"column":11},"end":{"line":34,"column":55}},"type":"cond-expr","locations":[{"start":{"line":34,"column":28},"end":{"line":34,"column":47}},{"start":{"line":34,"column":50},"end":{"line":34,"column":55}}],"line":34},"2":{"loc":{"start":{"line":43,"column":11},"end":{"line":43,"column":55}},"type":"cond-expr","locations":[{"start":{"line":43,"column":28},"end":{"line":43,"column":47}},{"start":{"line":43,"column":50},"end":{"line":43,"column":55}}],"line":43},"3":{"loc":{"start":{"line":52,"column":11},"end":{"line":52,"column":55}},"type":"cond-expr","locations":[{"start":{"line":52,"column":28},"end":{"line":52,"column":47}},{"start":{"line":52,"column":50},"end":{"line":52,"column":55}}],"line":52}},"s":{"0":19,"1":19,"2":19,"3":0,"4":0,"5":0,"6":19,"7":0,"8":0,"9":0,"10":0,"11":19,"12":0,"13":0,"14":0,"15":0,"16":19,"17":0,"18":0,"19":0,"20":0,"21":19,"22":0,"23":0,"24":0,"25":0},"f":{"0":0,"1":0,"2":0,"3":0,"4":0,"5":0},"b":{"0":[0,19],"1":[0,0],"2":[0,0],"3":[0,0]},"_coverageSchema":"43e27e138ebf9cfc5966b082cf9a028302ed4184","hash":"483507043042b8e2d70f92d1d7eb7e9b70fcfea1"}
,"/Users/anthonynwosu/Desktop/fast-food-fast-React/client/src/utils/loginValidation.js": {"path":"/Users/anthonynwosu/Desktop/fast-food-fast-React/client/src/utils/loginValidation.js","statementMap":{"0":{"start":{"line":1,"column":24},"end":{"line":15,"column":1}},"1":{"start":{"line":2,"column":17},"end":{"line":2,"column":19}},"2":{"start":{"line":4,"column":2},"end":{"line":6,"column":3}},"3":{"start":{"line":5,"column":4},"end":{"line":5,"column":45}},"4":{"start":{"line":7,"column":2},"end":{"line":10,"column":3}},"5":{"start":{"line":9,"column":4},"end":{"line":9,"column":35}},"6":{"start":{"line":11,"column":2},"end":{"line":13,"column":3}},"7":{"start":{"line":12,"column":4},"end":{"line":12,"column":51}},"8":{"start":{"line":14,"column":2},"end":{"line":14,"column":16}}},"fnMap":{"0":{"name":"(anonymous_0)","decl":{"start":{"line":1,"column":24},"end":{"line":1,"column":25}},"loc":{"start":{"line":1,"column":34},"end":{"line":15,"column":1}},"line":1}},"branchMap":{"0":{"loc":{"start":{"line":4,"column":2},"end":{"line":6,"column":3}},"type":"if","locations":[{"start":{"line":4,"column":2},"end":{"line":6,"column":3}},{"start":{"line":4,"column":2},"end":{"line":6,"column":3}}],"line":4},"1":{"loc":{"start":{"line":7,"column":2},"end":{"line":10,"column":3}},"type":"if","locations":[{"start":{"line":7,"column":2},"end":{"line":10,"column":3}},{"start":{"line":7,"column":2},"end":{"line":10,"column":3}}],"line":7},"2":{"loc":{"start":{"line":7,"column":6},"end":{"line":8,"column":28}},"type":"binary-expr","locations":[{"start":{"line":7,"column":6},"end":{"line":7,"column":23}},{"start":{"line":7,"column":27},"end":{"line":8,"column":28}}],"line":7},"3":{"loc":{"start":{"line":11,"column":2},"end":{"line":13,"column":3}},"type":"if","locations":[{"start":{"line":11,"column":2},"end":{"line":13,"column":3}},{"start":{"line":11,"column":2},"end":{"line":13,"column":3}}],"line":11}},"s":{"0":2,"1":14,"2":14,"3":9,"4":14,"5":1,"6":14,"7":8,"8":14},"f":{"0":14},"b":{"0":[9,5],"1":[1,13],"2":[14,5],"3":[8,6]},"_coverageSchema":"43e27e138ebf9cfc5966b082cf9a028302ed4184","hash":"23ec42b25c8714c89749333db3ea5fbb5dc5ed7f"}
,"/Users/anthonynwosu/Desktop/fast-food-fast-React/client/src/utils/orderIdGenerator.js": {"path":"/Users/anthonynwosu/Desktop/fast-food-fast-React/client/src/utils/orderIdGenerator.js","statementMap":{"0":{"start":{"line":1,"column":25},"end":{"line":5,"column":17}},"1":{"start":{"line":1,"column":49},"end":{"line":5,"column":17}}},"fnMap":{"0":{"name":"(anonymous_0)","decl":{"start":{"line":1,"column":25},"end":{"line":1,"column":26}},"loc":{"start":{"line":1,"column":49},"end":{"line":5,"column":17}},"line":1}},"branchMap":{},"s":{"0":13,"1":1},"f":{"0":1},"b":{},"_coverageSchema":"43e27e138ebf9cfc5966b082cf9a028302ed4184","hash":"0ecdb96fbdcae5a7d1e7d3fc1e67611e871780b7"}
,"/Users/anthonynwosu/Desktop/fast-food-fast-React/client/src/utils/setAuthorizationToken.js": {"path":"/Users/anthonynwosu/Desktop/fast-food-fast-React/client/src/utils/setAuthorizationToken.js","statementMap":{"0":{"start":{"line":3,"column":30},"end":{"line":9,"column":1}},"1":{"start":{"line":4,"column":2},"end":{"line":8,"column":3}},"2":{"start":{"line":5,"column":4},"end":{"line":5,"column":68}},"3":{"start":{"line":7,"column":4},"end":{"line":7,"column":55}}},"fnMap":{"0":{"name":"(anonymous_0)","decl":{"start":{"line":3,"column":30},"end":{"line":3,"column":31}},"loc":{"start":{"line":3,"column":41},"end":{"line":9,"column":1}},"line":3}},"branchMap":{"0":{"loc":{"start":{"line":4,"column":2},"end":{"line":8,"column":3}},"type":"if","locations":[{"start":{"line":4,"column":2},"end":{"line":8,"column":3}},{"start":{"line":4,"column":2},"end":{"line":8,"column":3}}],"line":4}},"s":{"0":16,"1":3,"2":0,"3":3},"f":{"0":3},"b":{"0":[0,3]},"_coverageSchema":"43e27e138ebf9cfc5966b082cf9a028302ed4184","hash":"32eb9306729073208336b1e2ab0c95c771e3a689"}
,"/Users/anthonynwosu/Desktop/fast-food-fast-React/client/src/utils/signupValidation.js": {"path":"/Users/anthonynwosu/Desktop/fast-food-fast-React/client/src/utils/signupValidation.js","statementMap":{"0":{"start":{"line":5,"column":25},"end":{"line":68,"column":1}},"1":{"start":{"line":6,"column":17},"end":{"line":6,"column":19}},"2":{"start":{"line":8,"column":2},"end":{"line":10,"column":3}},"3":{"start":{"line":9,"column":4},"end":{"line":9,"column":54}},"4":{"start":{"line":11,"column":2},"end":{"line":14,"column":3}},"5":{"start":{"line":12,"column":4},"end":{"line":13,"column":77}},"6":{"start":{"line":15,"column":2},"end":{"line":20,"column":3}},"7":{"start":{"line":18,"column":4},"end":{"line":19,"column":72}},"8":{"start":{"line":21,"column":2},"end":{"line":25,"column":3}},"9":{"start":{"line":23,"column":4},"end":{"line":24,"column":72}},"10":{"start":{"line":27,"column":2},"end":{"line":29,"column":3}},"11":{"start":{"line":28,"column":4},"end":{"line":28,"column":52}},"12":{"start":{"line":30,"column":2},"end":{"line":32,"column":3}},"13":{"start":{"line":31,"column":4},"end":{"line":31,"column":79}},"14":{"start":{"line":33,"column":2},"end":{"line":36,"column":3}},"15":{"start":{"line":35,"column":4},"end":{"line":35,"column":74}},"16":{"start":{"line":37,"column":2},"end":{"line":40,"column":3}},"17":{"start":{"line":39,"column":4},"end":{"line":39,"column":74}},"18":{"start":{"line":41,"column":2},"end":{"line":43,"column":3}},"19":{"start":{"line":42,"column":4},"end":{"line":42,"column":51}},"20":{"start":{"line":44,"column":2},"end":{"line":48,"column":3}},"21":{"start":{"line":47,"column":4},"end":{"line":47,"column":41}},"22":{"start":{"line":49,"column":2},"end":{"line":51,"column":3}},"23":{"start":{"line":50,"column":4},"end":{"line":50,"column":57}},"24":{"start":{"line":53,"column":2},"end":{"line":55,"column":3}},"25":{"start":{"line":54,"column":4},"end":{"line":54,"column":71}},"26":{"start":{"line":57,"column":2},"end":{"line":59,"column":3}},"27":{"start":{"line":58,"column":4},"end":{"line":58,"column":71}},"28":{"start":{"line":61,"column":2},"end":{"line":63,"column":3}},"29":{"start":{"line":62,"column":4},"end":{"line":62,"column":60}},"30":{"start":{"line":64,"column":2},"end":{"line":66,"column":3}},"31":{"start":{"line":65,"column":4},"end":{"line":65,"column":54}},"32":{"start":{"line":67,"column":2},"end":{"line":67,"column":16}}},"fnMap":{"0":{"name":"(anonymous_0)","decl":{"start":{"line":5,"column":25},"end":{"line":5,"column":26}},"loc":{"start":{"line":5,"column":35},"end":{"line":68,"column":1}},"line":5}},"branchMap":{"0":{"loc":{"start":{"line":8,"column":2},"end":{"line":10,"column":3}},"type":"if","locations":[{"start":{"line":8,"column":2},"end":{"line":10,"column":3}},{"start":{"line":8,"column":2},"end":{"line":10,"column":3}}],"line":8},"1":{"loc":{"start":{"line":11,"column":2},"end":{"line":14,"column":3}},"type":"if","locations":[{"start":{"line":11,"column":2},"end":{"line":14,"column":3}},{"start":{"line":11,"column":2},"end":{"line":14,"column":3}}],"line":11},"2":{"loc":{"start":{"line":11,"column":6},"end":{"line":11,"column":73}},"type":"binary-expr","locations":[{"start":{"line":11,"column":6},"end":{"line":11,"column":27}},{"start":{"line":11,"column":31},"end":{"line":11,"column":73}}],"line":11},"3":{"loc":{"start":{"line":15,"column":2},"end":{"line":20,"column":3}},"type":"if","locations":[{"start":{"line":15,"column":2},"end":{"line":20,"column":3}},{"start":{"line":15,"column":2},"end":{"line":20,"column":3}}],"line":15},"4":{"loc":{"start":{"line":15,"column":6},"end":{"line":17,"column":39}},"type":"binary-expr","locations":[{"start":{"line":15,"column":6},"end":{"line":15,"column":27}},{"start":{"line":16,"column":7},"end":{"line":16,"column":48}},{"start":{"line":17,"column":7},"end":{"line":17,"column":39}}],"line":15},"5":{"loc":{"start":{"line":21,"column":2},"end":{"line":25,"column":3}},"type":"if","locations":[{"start":{"line":21,"column":2},"end":{"line":25,"column":3}},{"start":{"line":21,"column":2},"end":{"line":25,"column":3}}],"line":21},"6":{"loc":{"start":{"line":21,"column":6},"end":{"line":22,"column":55}},"type":"binary-expr","locations":[{"start":{"line":21,"column":6},"end":{"line":21,"column":27}},{"start":{"line":22,"column":5},"end":{"line":22,"column":18}},{"start":{"line":22,"column":22},"end":{"line":22,"column":55}}],"line":21},"7":{"loc":{"start":{"line":27,"column":2},"end":{"line":29,"column":3}},"type":"if","locations":[{"start":{"line":27,"column":2},"end":{"line":29,"column":3}},{"start":{"line":27,"column":2},"end":{"line":29,"column":3}}],"line":27},"8":{"loc":{"start":{"line":30,"column":2},"end":{"line":32,"column":3}},"type":"if","locations":[{"start":{"line":30,"column":2},"end":{"line":32,"column":3}},{"start":{"line":30,"column":2},"end":{"line":32,"column":3}}],"line":30},"9":{"loc":{"start":{"line":30,"column":6},"end":{"line":30,"column":71}},"type":"binary-expr","locations":[{"start":{"line":30,"column":6},"end":{"line":30,"column":26}},{"start":{"line":30,"column":30},"end":{"line":30,"column":71}}],"line":30},"10":{"loc":{"start":{"line":33,"column":2},"end":{"line":36,"column":3}},"type":"if","locations":[{"start":{"line":33,"column":2},"end":{"line":36,"column":3}},{"start":{"line":33,"column":2},"end":{"line":36,"column":3}}],"line":33},"11":{"loc":{"start":{"line":33,"column":6},"end":{"line":34,"column":36}},"type":"binary-expr","locations":[{"start":{"line":33,"column":6},"end":{"line":33,"column":26}},{"start":{"line":33,"column":30},"end":{"line":33,"column":70}},{"start":{"line":34,"column":5},"end":{"line":34,"column":36}}],"line":33},"12":{"loc":{"start":{"line":37,"column":2},"end":{"line":40,"column":3}},"type":"if","locations":[{"start":{"line":37,"column":2},"end":{"line":40,"column":3}},{"start":{"line":37,"column":2},"end":{"line":40,"column":3}}],"line":37},"13":{"loc":{"start":{"line":37,"column":6},"end":{"line":38,"column":37}},"type":"binary-expr","locations":[{"start":{"line":37,"column":6},"end":{"line":37,"column":26}},{"start":{"line":37,"column":30},"end":{"line":37,"column":70}},{"start":{"line":38,"column":5},"end":{"line":38,"column":37}}],"line":37},"14":{"loc":{"start":{"line":41,"column":2},"end":{"line":43,"column":3}},"type":"if","locations":[{"start":{"line":41,"column":2},"end":{"line":43,"column":3}},{"start":{"line":41,"column":2},"end":{"line":43,"column":3}}],"line":41},"15":{"loc":{"start":{"line":44,"column":2},"end":{"line":48,"column":3}},"type":"if","locations":[{"start":{"line":44,"column":2},"end":{"line":48,"column":3}},{"start":{"line":44,"column":2},"end":{"line":48,"column":3}}],"line":44},"16":{"loc":{"start":{"line":44,"column":6},"end":{"line":46,"column":34}},"type":"binary-expr","locations":[{"start":{"line":44,"column":6},"end":{"line":45,"column":11}},{"start":{"line":45,"column":15},"end":{"line":46,"column":34}}],"line":44},"17":{"loc":{"start":{"line":49,"column":2},"end":{"line":51,"column":3}},"type":"if","locations":[{"start":{"line":49,"column":2},"end":{"line":51,"column":3}},{"start":{"line":49,"column":2},"end":{"line":51,"column":3}}],"line":49},"18":{"loc":{"start":{"line":53,"column":2},"end":{"line":55,"column":3}},"type":"if","locations":[{"start":{"line":53,"column":2},"end":{"line":55,"column":3}},{"start":{"line":53,"column":2},"end":{"line":55,"column":3}}],"line":53},"19":{"loc":{"start":{"line":53,"column":6},"end":{"line":53,"column":73}},"type":"binary-expr","locations":[{"start":{"line":53,"column":6},"end":{"line":53,"column":32}},{"start":{"line":53,"column":36},"end":{"line":53,"column":73}}],"line":53},"20":{"loc":{"start":{"line":57,"column":2},"end":{"line":59,"column":3}},"type":"if","locations":[{"start":{"line":57,"column":2},"end":{"line":59,"column":3}},{"start":{"line":57,"column":2},"end":{"line":59,"column":3}}],"line":57},"21":{"loc":{"start":{"line":57,"column":6},"end":{"line":57,"column":74}},"type":"binary-expr","locations":[{"start":{"line":57,"column":6},"end":{"line":57,"column":32}},{"start":{"line":57,"column":36},"end":{"line":57,"column":74}}],"line":57},"22":{"loc":{"start":{"line":61,"column":2},"end":{"line":63,"column":3}},"type":"if","locations":[{"start":{"line":61,"column":2},"end":{"line":63,"column":3}},{"start":{"line":61,"column":2},"end":{"line":63,"column":3}}],"line":61},"23":{"loc":{"start":{"line":64,"column":2},"end":{"line":66,"column":3}},"type":"if","locations":[{"start":{"line":64,"column":2},"end":{"line":66,"column":3}},{"start":{"line":64,"column":2},"end":{"line":66,"column":3}}],"line":64}},"s":{"0":2,"1":12,"2":12,"3":9,"4":12,"5":0,"6":12,"7":0,"8":12,"9":0,"10":12,"11":8,"12":12,"13":0,"14":12,"15":0,"16":12,"17":0,"18":12,"19":7,"20":12,"21":0,"22":12,"23":8,"24":12,"25":0,"26":12,"27":0,"28":12,"29":8,"30":12,"31":2,"32":12},"f":{"0":12},"b":{"0":[9,3],"1":[0,12],"2":[12,3],"3":[0,12],"4":[12,3,3],"5":[0,12],"6":[12,3,3],"7":[8,4],"8":[0,12],"9":[12,4],"10":[0,12],"11":[12,4,4],"12":[0,12],"13":[12,4,4],"14":[7,5],"15":[0,12],"16":[12,5],"17":[8,4],"18":[0,12],"19":[12,4],"20":[0,12],"21":[12,4],"22":[8,4],"23":[2,10]},"_coverageSchema":"43e27e138ebf9cfc5966b082cf9a028302ed4184","hash":"063a67b31d69e44442210bf2a838176d08384d8a"}
,"/Users/anthonynwosu/Desktop/fast-food-fast-React/client/src/views/LandingPage.jsx": {"path":"/Users/anthonynwosu/Desktop/fast-food-fast-React/client/src/views/LandingPage.jsx","statementMap":{"0":{"start":{"line":17,"column":4},"end":{"line":17,"column":17}},"1":{"start":{"line":18,"column":4},"end":{"line":34,"column":6}},"2":{"start":{"line":35,"column":4},"end":{"line":35,"column":26}},"3":{"start":{"line":36,"column":4},"end":{"line":36,"column":27}},"4":{"start":{"line":37,"column":4},"end":{"line":37,"column":32}},"5":{"start":{"line":38,"column":4},"end":{"line":38,"column":33}},"6":{"start":{"line":42,"column":4},"end":{"line":42,"column":57}},"7":{"start":{"line":46,"column":4},"end":{"line":46,"column":60}},"8":{"start":{"line":50,"column":4},"end":{"line":52,"column":5}},"9":{"start":{"line":51,"column":6},"end":{"line":51,"column":62}},"10":{"start":{"line":56,"column":4},"end":{"line":56,"column":55}},"11":{"start":{"line":60,"column":4},"end":{"line":64,"column":7}},"12":{"start":{"line":68,"column":4},"end":{"line":72,"column":7}},"13":{"start":{"line":76,"column":4},"end":{"line":80,"column":7}},"14":{"start":{"line":84,"column":4},"end":{"line":89,"column":7}},"15":{"start":{"line":93,"column":4},"end":{"line":95,"column":5}},"16":{"start":{"line":94,"column":6},"end":{"line":94,"column":62}},"17":{"start":{"line":99,"column":18},"end":{"line":99,"column":31}},"18":{"start":{"line":100,"column":22},"end":{"line":100,"column":30}},"19":{"start":{"line":101,"column":4},"end":{"line":110,"column":7}},"20":{"start":{"line":102,"column":26},"end":{"line":102,"column":53}},"21":{"start":{"line":103,"column":6},"end":{"line":108,"column":7}},"22":{"start":{"line":104,"column":8},"end":{"line":104,"column":54}},"23":{"start":{"line":105,"column":8},"end":{"line":105,"column":65}},"24":{"start":{"line":107,"column":8},"end":{"line":107,"column":42}},"25":{"start":{"line":109,"column":6},"end":{"line":109,"column":56}},"26":{"start":{"line":114,"column":18},"end":{"line":114,"column":31}},"27":{"start":{"line":115,"column":22},"end":{"line":115,"column":30}},"28":{"start":{"line":116,"column":4},"end":{"line":125,"column":7}},"29":{"start":{"line":117,"column":27},"end":{"line":117,"column":55}},"30":{"start":{"line":118,"column":6},"end":{"line":123,"column":7}},"31":{"start":{"line":119,"column":8},"end":{"line":119,"column":61}},"32":{"start":{"line":120,"column":8},"end":{"line":120,"column":72}},"33":{"start":{"line":122,"column":8},"end":{"line":122,"column":48}},"34":{"start":{"line":124,"column":6},"end":{"line":124,"column":63}},"35":{"start":{"line":129,"column":4},"end":{"line":133,"column":5}},"36":{"start":{"line":130,"column":6},"end":{"line":130,"column":46}},"37":{"start":{"line":132,"column":6},"end":{"line":132,"column":41}},"38":{"start":{"line":134,"column":18},"end":{"line":134,"column":31}},"39":{"start":{"line":135,"column":25},"end":{"line":135,"column":53}},"40":{"start":{"line":136,"column":4},"end":{"line":141,"column":5}},"41":{"start":{"line":137,"column":6},"end":{"line":137,"column":58}},"42":{"start":{"line":138,"column":6},"end":{"line":138,"column":69}},"43":{"start":{"line":140,"column":6},"end":{"line":140,"column":45}},"44":{"start":{"line":142,"column":4},"end":{"line":142,"column":60}},"45":{"start":{"line":146,"column":4},"end":{"line":150,"column":5}},"46":{"start":{"line":147,"column":6},"end":{"line":147,"column":46}},"47":{"start":{"line":149,"column":6},"end":{"line":149,"column":41}},"48":{"start":{"line":151,"column":18},"end":{"line":151,"column":31}},"49":{"start":{"line":152,"column":24},"end":{"line":152,"column":51}},"50":{"start":{"line":153,"column":4},"end":{"line":158,"column":5}},"51":{"start":{"line":154,"column":6},"end":{"line":154,"column":51}},"52":{"start":{"line":155,"column":6},"end":{"line":155,"column":62}},"53":{"start":{"line":157,"column":6},"end":{"line":157,"column":39}},"54":{"start":{"line":159,"column":4},"end":{"line":159,"column":53}},"55":{"start":{"line":163,"column":4},"end":{"line":163,"column":23}},"56":{"start":{"line":169,"column":8},"end":{"line":169,"column":18}},"57":{"start":{"line":170,"column":4},"end":{"line":170,"column":26}},"58":{"start":{"line":171,"column":4},"end":{"line":192,"column":5}},"59":{"start":{"line":172,"column":6},"end":{"line":172,"column":58}},"60":{"start":{"line":173,"column":28},"end":{"line":173,"column":55}},"61":{"start":{"line":174,"column":6},"end":{"line":191,"column":7}},"62":{"start":{"line":175,"column":8},"end":{"line":175,"column":44}},"63":{"start":{"line":176,"column":8},"end":{"line":190,"column":9}},"64":{"start":{"line":177,"column":10},"end":{"line":177,"column":36}},"65":{"start":{"line":178,"column":15},"end":{"line":190,"column":9}},"66":{"start":{"line":181,"column":10},"end":{"line":184,"column":13}},"67":{"start":{"line":186,"column":10},"end":{"line":189,"column":13}},"68":{"start":{"line":197,"column":4},"end":{"line":197,"column":23}},"69":{"start":{"line":203,"column":8},"end":{"line":203,"column":18}},"70":{"start":{"line":204,"column":4},"end":{"line":204,"column":26}},"71":{"start":{"line":205,"column":4},"end":{"line":219,"column":5}},"72":{"start":{"line":206,"column":6},"end":{"line":206,"column":59}},"73":{"start":{"line":207,"column":29},"end":{"line":207,"column":57}},"74":{"start":{"line":208,"column":6},"end":{"line":218,"column":7}},"75":{"start":{"line":209,"column":8},"end":{"line":209,"column":44}},"76":{"start":{"line":210,"column":8},"end":{"line":217,"column":9}},"77":{"start":{"line":211,"column":10},"end":{"line":211,"column":36}},"78":{"start":{"line":213,"column":10},"end":{"line":216,"column":13}},"79":{"start":{"line":223,"column":24},"end":{"line":223,"column":51}},"80":{"start":{"line":224,"column":4},"end":{"line":227,"column":5}},"81":{"start":{"line":225,"column":6},"end":{"line":225,"column":37}},"82":{"start":{"line":226,"column":6},"end":{"line":226,"column":19}},"83":{"start":{"line":228,"column":4},"end":{"line":228,"column":16}},"84":{"start":{"line":232,"column":25},"end":{"line":232,"column":53}},"85":{"start":{"line":233,"column":4},"end":{"line":236,"column":5}},"86":{"start":{"line":234,"column":6},"end":{"line":234,"column":38}},"87":{"start":{"line":235,"column":6},"end":{"line":235,"column":19}},"88":{"start":{"line":237,"column":4},"end":{"line":237,"column":16}},"89":{"start":{"line":257,"column":8},"end":{"line":257,"column":18}},"90":{"start":{"line":259,"column":4},"end":{"line":297,"column":6}},"91":{"start":{"line":301,"column":0},"end":{"line":307,"column":2}},"92":{"start":{"line":309,"column":0},"end":{"line":311,"column":2}},"93":{"start":{"line":310,"column":29},"end":{"line":310,"column":33}},"94":{"start":{"line":313,"column":27},"end":{"line":318,"column":1}}},"fnMap":{"0":{"name":"(anonymous_0)","decl":{"start":{"line":16,"column":2},"end":{"line":16,"column":3}},"loc":{"start":{"line":16,"column":21},"end":{"line":39,"column":3}},"line":16},"1":{"name":"(anonymous_1)","decl":{"start":{"line":41,"column":2},"end":{"line":41,"column":3}},"loc":{"start":{"line":41,"column":22},"end":{"line":43,"column":3}},"line":41},"2":{"name":"(anonymous_2)","decl":{"start":{"line":45,"column":2},"end":{"line":45,"column":3}},"loc":{"start":{"line":45,"column":25},"end":{"line":47,"column":3}},"line":45},"3":{"name":"(anonymous_3)","decl":{"start":{"line":49,"column":16},"end":{"line":49,"column":17}},"loc":{"start":{"line":49,"column":23},"end":{"line":53,"column":3}},"line":49},"4":{"name":"(anonymous_4)","decl":{"start":{"line":55,"column":19},"end":{"line":55,"column":20}},"loc":{"start":{"line":55,"column":26},"end":{"line":57,"column":3}},"line":55},"5":{"name":"(anonymous_5)","decl":{"start":{"line":59,"column":23},"end":{"line":59,"column":24}},"loc":{"start":{"line":59,"column":29},"end":{"line":65,"column":3}},"line":59},"6":{"name":"(anonymous_6)","decl":{"start":{"line":67,"column":24},"end":{"line":67,"column":25}},"loc":{"start":{"line":67,"column":30},"end":{"line":73,"column":3}},"line":67},"7":{"name":"(anonymous_7)","decl":{"start":{"line":75,"column":30},"end":{"line":75,"column":31}},"loc":{"start":{"line":75,"column":36},"end":{"line":81,"column":3}},"line":75},"8":{"name":"(anonymous_8)","decl":{"start":{"line":83,"column":36},"end":{"line":83,"column":37}},"loc":{"start":{"line":83,"column":42},"end":{"line":90,"column":3}},"line":83},"9":{"name":"(anonymous_9)","decl":{"start":{"line":92,"column":25},"end":{"line":92,"column":26}},"loc":{"start":{"line":92,"column":32},"end":{"line":96,"column":3}},"line":92},"10":{"name":"(anonymous_10)","decl":{"start":{"line":98,"column":18},"end":{"line":98,"column":19}},"loc":{"start":{"line":98,"column":25},"end":{"line":111,"column":3}},"line":98},"11":{"name":"(anonymous_11)","decl":{"start":{"line":101,"column":38},"end":{"line":101,"column":39}},"loc":{"start":{"line":101,"column":44},"end":{"line":110,"column":5}},"line":101},"12":{"name":"(anonymous_12)","decl":{"start":{"line":113,"column":24},"end":{"line":113,"column":25}},"loc":{"start":{"line":113,"column":31},"end":{"line":126,"column":3}},"line":113},"13":{"name":"(anonymous_13)","decl":{"start":{"line":116,"column":38},"end":{"line":116,"column":39}},"loc":{"start":{"line":116,"column":44},"end":{"line":125,"column":5}},"line":116},"14":{"name":"(anonymous_14)","decl":{"start":{"line":128,"column":23},"end":{"line":128,"column":24}},"loc":{"start":{"line":128,"column":30},"end":{"line":143,"column":3}},"line":128},"15":{"name":"(anonymous_15)","decl":{"start":{"line":145,"column":17},"end":{"line":145,"column":18}},"loc":{"start":{"line":145,"column":24},"end":{"line":160,"column":3}},"line":145},"16":{"name":"(anonymous_16)","decl":{"start":{"line":162,"column":19},"end":{"line":162,"column":20}},"loc":{"start":{"line":162,"column":32},"end":{"line":193,"column":3}},"line":162},"17":{"name":"(anonymous_17)","decl":{"start":{"line":196,"column":23},"end":{"line":196,"column":24}},"loc":{"start":{"line":196,"column":36},"end":{"line":220,"column":3}},"line":196},"18":{"name":"(anonymous_18)","decl":{"start":{"line":222,"column":2},"end":{"line":222,"column":3}},"loc":{"start":{"line":222,"column":12},"end":{"line":229,"column":3}},"line":222},"19":{"name":"(anonymous_19)","decl":{"start":{"line":231,"column":2},"end":{"line":231,"column":3}},"loc":{"start":{"line":231,"column":18},"end":{"line":238,"column":3}},"line":231},"20":{"name":"(anonymous_20)","decl":{"start":{"line":240,"column":2},"end":{"line":240,"column":3}},"loc":{"start":{"line":240,"column":11},"end":{"line":298,"column":3}},"line":240},"21":{"name":"(anonymous_21)","decl":{"start":{"line":310,"column":23},"end":{"line":310,"column":24}},"loc":{"start":{"line":310,"column":29},"end":{"line":310,"column":33}},"line":310}},"branchMap":{"0":{"loc":{"start":{"line":50,"column":4},"end":{"line":52,"column":5}},"type":"if","locations":[{"start":{"line":50,"column":4},"end":{"line":52,"column":5}},{"start":{"line":50,"column":4},"end":{"line":52,"column":5}}],"line":50},"1":{"loc":{"start":{"line":50,"column":8},"end":{"line":50,"column":67}},"type":"binary-expr","locations":[{"start":{"line":50,"column":8},"end":{"line":50,"column":22}},{"start":{"line":50,"column":26},"end":{"line":50,"column":45}},{"start":{"line":50,"column":49},"end":{"line":50,"column":67}}],"line":50},"2":{"loc":{"start":{"line":93,"column":4},"end":{"line":95,"column":5}},"type":"if","locations":[{"start":{"line":93,"column":4},"end":{"line":95,"column":5}},{"start":{"line":93,"column":4},"end":{"line":95,"column":5}}],"line":93},"3":{"loc":{"start":{"line":103,"column":6},"end":{"line":108,"column":7}},"type":"if","locations":[{"start":{"line":103,"column":6},"end":{"line":108,"column":7}},{"start":{"line":103,"column":6},"end":{"line":108,"column":7}}],"line":103},"4":{"loc":{"start":{"line":118,"column":6},"end":{"line":123,"column":7}},"type":"if","locations":[{"start":{"line":118,"column":6},"end":{"line":123,"column":7}},{"start":{"line":118,"column":6},"end":{"line":123,"column":7}}],"line":118},"5":{"loc":{"start":{"line":129,"column":4},"end":{"line":133,"column":5}},"type":"if","locations":[{"start":{"line":129,"column":4},"end":{"line":133,"column":5}},{"start":{"line":129,"column":4},"end":{"line":133,"column":5}}],"line":129},"6":{"loc":{"start":{"line":136,"column":4},"end":{"line":141,"column":5}},"type":"if","locations":[{"start":{"line":136,"column":4},"end":{"line":141,"column":5}},{"start":{"line":136,"column":4},"end":{"line":141,"column":5}}],"line":136},"7":{"loc":{"start":{"line":146,"column":4},"end":{"line":150,"column":5}},"type":"if","locations":[{"start":{"line":146,"column":4},"end":{"line":150,"column":5}},{"start":{"line":146,"column":4},"end":{"line":150,"column":5}}],"line":146},"8":{"loc":{"start":{"line":153,"column":4},"end":{"line":158,"column":5}},"type":"if","locations":[{"start":{"line":153,"column":4},"end":{"line":158,"column":5}},{"start":{"line":153,"column":4},"end":{"line":158,"column":5}}],"line":153},"9":{"loc":{"start":{"line":171,"column":4},"end":{"line":192,"column":5}},"type":"if","locations":[{"start":{"line":171,"column":4},"end":{"line":192,"column":5}},{"start":{"line":171,"column":4},"end":{"line":192,"column":5}}],"line":171},"10":{"loc":{"start":{"line":174,"column":6},"end":{"line":191,"column":7}},"type":"if","locations":[{"start":{"line":174,"column":6},"end":{"line":191,"column":7}},{"start":{"line":174,"column":6},"end":{"line":191,"column":7}}],"line":174},"11":{"loc":{"start":{"line":176,"column":8},"end":{"line":190,"column":9}},"type":"if","locations":[{"start":{"line":176,"column":8},"end":{"line":190,"column":9}},{"start":{"line":176,"column":8},"end":{"line":190,"column":9}}],"line":176},"12":{"loc":{"start":{"line":178,"column":15},"end":{"line":190,"column":9}},"type":"if","locations":[{"start":{"line":178,"column":15},"end":{"line":190,"column":9}},{"start":{"line":178,"column":15},"end":{"line":190,"column":9}}],"line":178},"13":{"loc":{"start":{"line":205,"column":4},"end":{"line":219,"column":5}},"type":"if","locations":[{"start":{"line":205,"column":4},"end":{"line":219,"column":5}},{"start":{"line":205,"column":4},"end":{"line":219,"column":5}}],"line":205},"14":{"loc":{"start":{"line":208,"column":6},"end":{"line":218,"column":7}},"type":"if","locations":[{"start":{"line":208,"column":6},"end":{"line":218,"column":7}},{"start":{"line":208,"column":6},"end":{"line":218,"column":7}}],"line":208},"15":{"loc":{"start":{"line":210,"column":8},"end":{"line":217,"column":9}},"type":"if","locations":[{"start":{"line":210,"column":8},"end":{"line":217,"column":9}},{"start":{"line":210,"column":8},"end":{"line":217,"column":9}}],"line":210},"16":{"loc":{"start":{"line":224,"column":4},"end":{"line":227,"column":5}},"type":"if","locations":[{"start":{"line":224,"column":4},"end":{"line":227,"column":5}},{"start":{"line":224,"column":4},"end":{"line":227,"column":5}}],"line":224},"17":{"loc":{"start":{"line":233,"column":4},"end":{"line":236,"column":5}},"type":"if","locations":[{"start":{"line":233,"column":4},"end":{"line":236,"column":5}},{"start":{"line":233,"column":4},"end":{"line":236,"column":5}}],"line":233},"18":{"loc":{"start":{"line":292,"column":8},"end":{"line":292,"column":54}},"type":"cond-expr","locations":[{"start":{"line":292,"column":43},"end":{"line":292,"column":49}},{"start":{"line":292,"column":52},"end":{"line":292,"column":54}}],"line":292}},"s":{"0":35,"1":35,"2":35,"3":35,"4":35,"5":35,"6":35,"7":0,"8":1,"9":1,"10":4,"11":1,"12":1,"13":1,"14":1,"15":1,"16":0,"17":4,"18":4,"19":4,"20":4,"21":4,"22":2,"23":2,"24":2,"25":4,"26":4,"27":4,"28":4,"29":4,"30":4,"31":2,"32":2,"33":2,"34":4,"35":4,"36":1,"37":3,"38":4,"39":4,"40":4,"41":2,"42":2,"43":2,"44":4,"45":4,"46":1,"47":3,"48":4,"49":4,"50":4,"51":2,"52":2,"53":2,"54":4,"55":3,"56":3,"57":3,"58":3,"59":2,"60":2,"61":2,"62":0,"63":0,"64":0,"65":0,"66":0,"67":0,"68":1,"69":1,"70":1,"71":1,"72":1,"73":1,"74":0,"75":0,"76":0,"77":0,"78":0,"79":6,"80":6,"81":3,"82":3,"83":3,"84":4,"85":4,"86":2,"87":2,"88":2,"89":106,"90":106,"91":2,"92":2,"93":1,"94":2},"f":{"0":35,"1":35,"2":0,"3":1,"4":4,"5":1,"6":1,"7":1,"8":1,"9":1,"10":4,"11":4,"12":4,"13":4,"14":4,"15":4,"16":3,"17":1,"18":6,"19":4,"20":106,"21":1},"b":{"0":[1,0],"1":[1,0,0],"2":[0,1],"3":[2,2],"4":[2,2],"5":[1,3],"6":[2,2],"7":[1,3],"8":[2,2],"9":[2,1],"10":[0,2],"11":[0,0],"12":[0,0],"13":[1,0],"14":[0,0],"15":[0,0],"16":[3,3],"17":[2,2],"18":[103,3]},"_coverageSchema":"43e27e138ebf9cfc5966b082cf9a028302ed4184","hash":"d3484bb6d0375da1644ba67716c44c08eb5fcd10"}
,"/Users/anthonynwosu/Desktop/fast-food-fast-React/client/src/views/Navbar.jsx": {"path":"/Users/anthonynwosu/Desktop/fast-food-fast-React/client/src/views/Navbar.jsx","statementMap":{"0":{"start":{"line":14,"column":31},"end":{"line":14,"column":41}},"1":{"start":{"line":15,"column":4},"end":{"line":15,"column":21}},"2":{"start":{"line":20,"column":4},"end":{"line":20,"column":27}},"3":{"start":{"line":28,"column":8},"end":{"line":28,"column":18}},"4":{"start":{"line":29,"column":4},"end":{"line":29,"column":14}},"5":{"start":{"line":31,"column":4},"end":{"line":31,"column":30}},"6":{"start":{"line":37,"column":8},"end":{"line":37,"column":18}},"7":{"start":{"line":38,"column":4},"end":{"line":45,"column":5}},"8":{"start":{"line":39,"column":6},"end":{"line":44,"column":8}},"9":{"start":{"line":46,"column":4},"end":{"line":53,"column":5}},"10":{"start":{"line":47,"column":6},"end":{"line":52,"column":8}},"11":{"start":{"line":54,"column":4},"end":{"line":58,"column":6}},"12":{"start":{"line":62,"column":21},"end":{"line":62,"column":31}},"13":{"start":{"line":63,"column":4},"end":{"line":63,"column":73}},"14":{"start":{"line":65,"column":4},"end":{"line":67,"column":5}},"15":{"start":{"line":66,"column":6},"end":{"line":66,"column":25}},"16":{"start":{"line":68,"column":36},"end":{"line":68,"column":66}},"17":{"start":{"line":70,"column":4},"end":{"line":74,"column":6}},"18":{"start":{"line":78,"column":24},"end":{"line":82,"column":2}},"19":{"start":{"line":78,"column":34},"end":{"line":82,"column":1}},"20":{"start":{"line":84,"column":0},"end":{"line":91,"column":2}},"21":{"start":{"line":93,"column":0},"end":{"line":95,"column":2}},"22":{"start":{"line":97,"column":27},"end":{"line":100,"column":1}}},"fnMap":{"0":{"name":"(anonymous_0)","decl":{"start":{"line":13,"column":2},"end":{"line":13,"column":3}},"loc":{"start":{"line":13,"column":22},"end":{"line":16,"column":3}},"line":13},"1":{"name":"(anonymous_1)","decl":{"start":{"line":19,"column":18},"end":{"line":19,"column":19}},"loc":{"start":{"line":19,"column":29},"end":{"line":32,"column":3}},"line":19},"2":{"name":"(anonymous_2)","decl":{"start":{"line":34,"column":28},"end":{"line":34,"column":29}},"loc":{"start":{"line":34,"column":34},"end":{"line":59,"column":3}},"line":34},"3":{"name":"(anonymous_3)","decl":{"start":{"line":61,"column":2},"end":{"line":61,"column":3}},"loc":{"start":{"line":61,"column":11},"end":{"line":75,"column":3}},"line":61},"4":{"name":"(anonymous_4)","decl":{"start":{"line":78,"column":24},"end":{"line":78,"column":25}},"loc":{"start":{"line":78,"column":34},"end":{"line":82,"column":1}},"line":78}},"branchMap":{"0":{"loc":{"start":{"line":38,"column":4},"end":{"line":45,"column":5}},"type":"if","locations":[{"start":{"line":38,"column":4},"end":{"line":45,"column":5}},{"start":{"line":38,"column":4},"end":{"line":45,"column":5}}],"line":38},"1":{"loc":{"start":{"line":46,"column":4},"end":{"line":53,"column":5}},"type":"if","locations":[{"start":{"line":46,"column":4},"end":{"line":53,"column":5}},{"start":{"line":46,"column":4},"end":{"line":53,"column":5}}],"line":46},"2":{"loc":{"start":{"line":63,"column":48},"end":{"line":63,"column":71}},"type":"binary-expr","locations":[{"start":{"line":63,"column":48},"end":{"line":63,"column":66}},{"start":{"line":63,"column":70},"end":{"line":63,"column":71}}],"line":63},"3":{"loc":{"start":{"line":65,"column":4},"end":{"line":67,"column":5}},"type":"if","locations":[{"start":{"line":65,"column":4},"end":{"line":67,"column":5}},{"start":{"line":65,"column":4},"end":{"line":67,"column":5}}],"line":65}},"s":{"0":0,"1":0,"2":0,"3":0,"4":0,"5":0,"6":0,"7":0,"8":0,"9":0,"10":0,"11":0,"12":0,"13":0,"14":0,"15":0,"16":0,"17":0,"18":13,"19":0,"20":13,"21":13,"22":13},"f":{"0":0,"1":0,"2":0,"3":0,"4":0},"b":{"0":[0,0],"1":[0,0],"2":[0,0],"3":[0,0]},"_coverageSchema":"43e27e138ebf9cfc5966b082cf9a028302ed4184","hash":"6eea0843bab179599e9d364f2675b8e909cef9ea"}
}
