TN:
SF:/Users/anthonynwosu/Desktop/fast-food-fast-React/client/src/setupTests.js
FNF:0
FNH:0
DA:4,38
LF:1
LH:1
BRF:0
BRH:0
end_of_record
TN:
SF:/Users/anthonynwosu/Desktop/fast-food-fast-React/client/src/actionTypes/index.js
FNF:0
FNH:0
DA:1,28
DA:2,28
DA:3,28
DA:4,28
DA:5,28
DA:6,28
DA:7,28
DA:8,28
DA:9,28
LF:9
LH:9
BRF:0
BRH:0
end_of_record
TN:
SF:/Users/anthonynwosu/Desktop/fast-food-fast-React/client/src/actions/cartActions.js
FN:4,(anonymous_0)
FN:9,(anonymous_1)
FN:13,(anonymous_2)
FN:13,(anonymous_3)
FN:23,(anonymous_4)
FN:23,(anonymous_5)
FNF:6
FNH:6
FNDA:1,(anonymous_0)
FNDA:1,(anonymous_1)
FNDA:2,(anonymous_2)
FNDA:2,(anonymous_3)
FNDA:2,(anonymous_4)
FNDA:2,(anonymous_5)
DA:4,14
DA:9,14
DA:13,14
DA:14,2
DA:15,2
DA:16,1
DA:17,1
DA:19,1
DA:23,14
DA:24,2
DA:25,2
DA:26,1
DA:27,1
DA:29,1
LF:14
LH:14
BRF:0
BRH:0
end_of_record
TN:
SF:/Users/anthonynwosu/Desktop/fast-food-fast-React/client/src/actions/flashActions.js
FN:7,(anonymous_0)
FN:12,(anonymous_1)
FN:18,(anonymous_2)
FNF:3
FNH:3
FNDA:1,(anonymous_0)
FNDA:1,(anonymous_1)
FNDA:1,(anonymous_2)
DA:7,17
DA:12,17
DA:18,17
LF:3
LH:3
BRF:0
BRH:0
end_of_record
TN:
SF:/Users/anthonynwosu/Desktop/fast-food-fast-React/client/src/actions/loginActions.js
FN:7,(anonymous_0)
FN:12,(anonymous_1)
FN:12,(anonymous_2)
FNF:3
FNH:3
FNDA:2,(anonymous_0)
FNDA:2,(anonymous_1)
FNDA:2,(anonymous_2)
DA:7,15
DA:12,15
DA:13,2
DA:14,2
DA:19,2
DA:21,1
DA:22,1
DA:23,1
DA:24,1
DA:25,1
DA:26,1
DA:28,1
LF:12
LH:12
BRF:0
BRH:0
end_of_record
TN:
SF:/Users/anthonynwosu/Desktop/fast-food-fast-React/client/src/actions/logoutActions.js
FN:4,(anonymous_0)
FN:4,(anonymous_1)
FNF:2
FNH:2
FNDA:1,(anonymous_0)
FNDA:1,(anonymous_1)
DA:4,14
DA:5,1
DA:6,1
DA:7,1
LF:4
LH:4
BRF:0
BRH:0
end_of_record
TN:
SF:/Users/anthonynwosu/Desktop/fast-food-fast-React/client/src/actions/menuActions.js
FN:5,(anonymous_0)
FN:10,(anonymous_1)
FN:10,(anonymous_2)
FNF:3
FNH:3
FNDA:1,(anonymous_0)
FNDA:2,(anonymous_1)
FNDA:2,(anonymous_2)
DA:5,1
DA:10,2
DA:11,2
DA:12,2
DA:13,1
DA:14,1
DA:16,1
LF:7
LH:7
BRF:0
BRH:0
end_of_record
TN:
SF:/Users/anthonynwosu/Desktop/fast-food-fast-React/client/src/actions/orderActions.js
FN:7,(anonymous_0)
FN:11,(anonymous_1)
FN:16,(anonymous_2)
FN:16,(anonymous_3)
FN:30,(anonymous_4)
FN:30,(anonymous_5)
FNF:6
FNH:6
FNDA:1,(anonymous_0)
FNDA:1,(anonymous_1)
FNDA:2,(anonymous_2)
FNDA:2,(anonymous_3)
FNDA:2,(anonymous_4)
FNDA:2,(anonymous_5)
DA:7,1
DA:11,1
DA:16,2
DA:17,2
DA:21,2
DA:22,2
DA:23,1
DA:24,1
DA:26,1
DA:30,2
DA:31,2
DA:32,2
DA:33,1
DA:34,1
DA:36,1
LF:15
LH:15
BRF:0
BRH:0
end_of_record
TN:
SF:/Users/anthonynwosu/Desktop/fast-food-fast-React/client/src/actions/signupActions.js
FN:7,(anonymous_0)
FN:12,(anonymous_1)
FN:12,(anonymous_2)
FNF:3
FNH:3
FNDA:1,(anonymous_0)
FNDA:2,(anonymous_1)
FNDA:2,(anonymous_2)
DA:7,3
DA:12,3
DA:13,2
DA:14,2
DA:22,2
DA:24,1
DA:25,1
DA:26,1
DA:27,1
DA:28,1
DA:29,1
DA:31,1
LF:12
LH:12
BRF:0
BRH:0
end_of_record
TN:
SF:/Users/anthonynwosu/Desktop/fast-food-fast-React/client/src/components/AdminNavbar.jsx
FN:5,(anonymous_0)
FNF:1
FNH:1
FNDA:1,(anonymous_0)
DA:5,14
DA:6,1
DA:26,14
LF:3
LH:3
BRDA:17,0,0,1
BRDA:17,0,1,1
BRF:2
BRH:2
end_of_record
TN:
SF:/Users/anthonynwosu/Desktop/fast-food-fast-React/client/src/components/AfterLoginLayout.jsx
FN:5,(anonymous_0)
FNF:1
FNH:1
FNDA:1,(anonymous_0)
DA:5,13
DA:6,1
DA:13,13
LF:3
LH:3
BRF:0
BRH:0
end_of_record
TN:
SF:/Users/anthonynwosu/Desktop/fast-food-fast-React/client/src/components/Button.jsx
FN:4,(anonymous_0)
FNF:1
FNH:1
FNDA:1,(anonymous_0)
DA:4,13
DA:5,1
DA:15,13
LF:3
LH:3
BRF:0
BRH:0
end_of_record
TN:
SF:/Users/anthonynwosu/Desktop/fast-food-fast-React/client/src/components/Carousel.jsx
FN:4,(anonymous_0)
FN:19,(anonymous_1)
FNF:2
FNH:2
FNDA:1,(anonymous_0)
FNDA:1,(anonymous_1)
DA:4,13
DA:5,1
DA:13,13
DA:17,13
DA:19,1
LF:5
LH:5
BRF:0
BRH:0
end_of_record
TN:
SF:/Users/anthonynwosu/Desktop/fast-food-fast-React/client/src/components/FlashMessage.jsx
FN:5,(anonymous_0)
FN:15,(anonymous_1)
FN:57,(anonymous_2)
FNF:3
FNH:3
FNDA:1,(anonymous_0)
FNDA:11,(anonymous_1)
FNDA:1,(anonymous_2)
DA:11,1
DA:12,1
DA:22,11
DA:23,11
DA:24,11
DA:25,2
DA:26,1
DA:27,1
DA:28,1
DA:30,11
DA:46,17
DA:55,17
DA:57,1
LF:13
LH:13
BRDA:24,0,0,9
BRDA:24,0,1,2
BRDA:25,1,0,1
BRDA:25,1,1,1
BRDA:27,2,0,1
BRDA:27,2,1,0
BRF:6
BRH:5
end_of_record
TN:
SF:/Users/anthonynwosu/Desktop/fast-food-fast-React/client/src/components/FlashMessagesList.jsx
FN:8,(anonymous_0)
FN:10,(anonymous_1)
FN:39,(anonymous_2)
FNF:3
FNH:3
FNDA:1,(anonymous_0)
FNDA:1,(anonymous_1)
FNDA:2,(anonymous_2)
DA:8,16
DA:9,1
DA:10,1
DA:11,1
DA:18,1
DA:26,16
DA:35,16
DA:39,16
DA:43,16
LF:9
LH:9
BRF:0
BRH:0
end_of_record
TN:
SF:/Users/anthonynwosu/Desktop/fast-food-fast-React/client/src/components/FoodCard.jsx
FN:6,(anonymous_0)
FN:13,(anonymous_1)
FNF:2
FNH:2
FNDA:1,(anonymous_0)
FNDA:1,(anonymous_1)
DA:6,13
DA:7,1
DA:13,1
DA:21,13
LF:4
LH:4
BRF:0
BRH:0
end_of_record
TN:
SF:/Users/anthonynwosu/Desktop/fast-food-fast-React/client/src/components/Footer.jsx
FN:4,(anonymous_0)
FNF:1
FNH:1
FNDA:1,(anonymous_0)
DA:4,14
DA:5,1
DA:14,14
DA:19,14
LF:4
LH:4
BRF:0
BRH:0
end_of_record
TN:
SF:/Users/anthonynwosu/Desktop/fast-food-fast-React/client/src/components/ForgotPasswordForm.jsx
FN:6,(anonymous_0)
FNF:1
FNH:1
FNDA:1,(anonymous_0)
DA:6,13
DA:13,1
DA:57,13
LF:3
LH:3
BRDA:21,0,0,1
BRDA:21,0,1,1
BRF:2
BRH:2
end_of_record
TN:
SF:/Users/anthonynwosu/Desktop/fast-food-fast-React/client/src/components/GuestNavbar.jsx
FN:5,(anonymous_0)
FNF:1
FNH:1
FNDA:1,(anonymous_0)
DA:5,14
DA:6,1
LF:2
LH:2
BRDA:19,0,0,1
BRDA:19,0,1,1
BRF:2
BRH:2
end_of_record
TN:
SF:/Users/anthonynwosu/Desktop/fast-food-fast-React/client/src/components/LandingPage.jsx
FN:16,(anonymous_0)
FN:22,(anonymous_1)
FNF:2
FNH:2
FNDA:1,(anonymous_0)
FNDA:1,(anonymous_1)
DA:17,1
DA:19,1
DA:49,1
DA:50,1
DA:160,13
LF:5
LH:5
BRDA:58,0,0,0
BRDA:58,0,1,1
BRDA:65,1,0,1
BRDA:65,1,1,0
BRDA:68,2,0,1
BRDA:68,2,1,0
BRDA:70,3,0,1
BRDA:70,3,1,0
BRDA:80,4,0,1
BRDA:80,4,1,1
BRDA:93,5,0,1
BRDA:93,5,1,1
BRDA:104,6,0,1
BRDA:104,6,1,1
BRF:14
BRH:10
end_of_record
TN:
SF:/Users/anthonynwosu/Desktop/fast-food-fast-React/client/src/components/LayoutContainer.jsx
FN:6,(anonymous_0)
FN:9,(anonymous_1)
FNF:2
FNH:1
FNDA:1,(anonymous_0)
FNDA:0,(anonymous_1)
DA:6,13
DA:7,1
DA:10,0
DA:17,13
LF:4
LH:3
BRF:0
BRH:0
end_of_record
TN:
SF:/Users/anthonynwosu/Desktop/fast-food-fast-React/client/src/components/LinkButton.jsx
FN:6,(anonymous_0)
FN:21,(anonymous_1)
FN:40,(anonymous_2)
FNF:3
FNH:0
FNDA:0,(anonymous_0)
FNDA:0,(anonymous_1)
FNDA:0,(anonymous_2)
DA:6,13
DA:16,0
DA:17,0
DA:22,0
DA:23,0
DA:29,13
DA:39,13
LF:7
LH:3
BRDA:22,0,0,0
BRDA:22,0,1,0
BRDA:22,1,0,0
BRDA:22,1,1,0
BRF:4
BRH:0
end_of_record
TN:
SF:/Users/anthonynwosu/Desktop/fast-food-fast-React/client/src/components/LoginForm.jsx
FN:7,(anonymous_0)
FNF:1
FNH:1
FNDA:1,(anonymous_0)
DA:7,14
DA:18,1
DA:85,14
LF:3
LH:3
BRDA:24,0,0,1
BRDA:24,0,1,1
BRDA:40,1,0,1
BRDA:40,1,1,1
BRDA:72,2,0,1
BRDA:72,2,1,1
BRF:6
BRH:6
end_of_record
TN:
SF:/Users/anthonynwosu/Desktop/fast-food-fast-React/client/src/components/OrderHistory.jsx
FN:5,(anonymous_0)
FN:31,(anonymous_1)
FNF:2
FNH:1
FNDA:1,(anonymous_0)
FNDA:0,(anonymous_1)
DA:5,13
DA:6,1
DA:9,1
DA:32,0
LF:4
LH:3
BRF:0
BRH:0
end_of_record
TN:
SF:/Users/anthonynwosu/Desktop/fast-food-fast-React/client/src/components/Payment.jsx
FN:6,(anonymous_0)
FNF:1
FNH:1
FNDA:1,(anonymous_0)
DA:6,13
DA:13,1
DA:50,13
LF:3
LH:3
BRDA:19,0,0,1
BRDA:19,0,1,1
BRDA:29,1,0,1
BRDA:29,1,1,1
BRF:4
BRH:4
end_of_record
TN:
SF:/Users/anthonynwosu/Desktop/fast-food-fast-React/client/src/components/PreLoginLayout.jsx
FN:6,(anonymous_0)
FNF:1
FNH:1
FNDA:1,(anonymous_0)
DA:6,13
DA:7,1
DA:15,13
LF:3
LH:3
BRF:0
BRH:0
end_of_record
TN:
SF:/Users/anthonynwosu/Desktop/fast-food-fast-React/client/src/components/PreLoginNavbar.jsx
FN:5,(anonymous_0)
FNF:1
FNH:1
FNDA:1,(anonymous_0)
DA:5,14
DA:6,1
DA:24,14
LF:3
LH:3
BRF:0
BRH:0
end_of_record
TN:
SF:/Users/anthonynwosu/Desktop/fast-food-fast-React/client/src/components/SelectFieldGroup.jsx
FN:4,(anonymous_0)
FN:21,(anonymous_1)
FNF:2
FNH:2
FNDA:1,(anonymous_0)
FNDA:1,(anonymous_1)
DA:4,14
DA:13,1
DA:22,1
DA:31,14
LF:4
LH:4
BRF:0
BRH:0
end_of_record
TN:
SF:/Users/anthonynwosu/Desktop/fast-food-fast-React/client/src/components/ShoppingCart.jsx
FN:7,(anonymous_0)
FNF:1
FNH:1
FNDA:1,(anonymous_0)
DA:7,13
DA:14,1
DA:44,13
LF:3
LH:3
BRF:0
BRH:0
end_of_record
TN:
SF:/Users/anthonynwosu/Desktop/fast-food-fast-React/client/src/components/SignupForm.jsx
FN:7,(anonymous_0)
FNF:1
FNH:1
FNDA:1,(anonymous_0)
DA:7,14
DA:20,1
DA:122,14
LF:3
LH:3
BRDA:23,0,0,1
BRDA:23,0,1,1
BRDA:40,1,0,1
BRDA:40,1,1,1
BRDA:57,2,0,1
BRDA:57,2,1,1
BRDA:74,3,0,1
BRDA:74,3,1,1
BRDA:92,4,0,1
BRDA:92,4,1,1
BRDA:115,5,0,1
BRDA:115,5,1,1
BRF:12
BRH:12
end_of_record
TN:
SF:/Users/anthonynwosu/Desktop/fast-food-fast-React/client/src/components/Spinner.jsx
FN:5,(anonymous_0)
FNF:1
FNH:1
FNDA:1,(anonymous_0)
DA:5,14
DA:6,1
DA:11,14
DA:15,14
LF:4
LH:4
BRF:0
BRH:0
end_of_record
TN:
SF:/Users/anthonynwosu/Desktop/fast-food-fast-React/client/src/components/Switcher.jsx
FN:5,(anonymous_0)
FNF:1
FNH:1
FNDA:1,(anonymous_0)
DA:5,14
DA:14,1
DA:39,14
DA:47,14
LF:4
LH:4
BRF:0
BRH:0
end_of_record
TN:
SF:/Users/anthonynwosu/Desktop/fast-food-fast-React/client/src/components/TextFieldGroup.jsx
FN:4,(anonymous_0)
FNF:1
FNH:1
FNDA:5,(anonymous_0)
DA:4,16
DA:23,5
DA:24,1
DA:25,5
DA:54,16
DA:72,16
LF:6
LH:6
BRDA:23,0,0,4
BRDA:23,0,1,1
BRF:2
BRH:2
end_of_record
TN:
SF:/Users/anthonynwosu/Desktop/fast-food-fast-React/client/src/components/UserNavbar.jsx
FN:5,(anonymous_0)
FNF:1
FNH:1
FNDA:1,(anonymous_0)
DA:5,14
DA:6,1
DA:25,14
LF:3
LH:3
BRDA:16,0,0,1
BRDA:16,0,1,1
BRF:2
BRH:2
end_of_record
TN:
SF:/Users/anthonynwosu/Desktop/fast-food-fast-React/client/src/components/index.jsx
FNF:0
FNH:0
LF:0
LH:0
BRF:0
BRH:0
end_of_record
TN:
SF:/Users/anthonynwosu/Desktop/fast-food-fast-React/client/src/reducers/authReducer.js
FN:10,(anonymous_0)
FNF:1
FNH:1
FNDA:1,(anonymous_0)
DA:5,1
DA:10,1
DA:11,1
DA:13,0
DA:23,1
LF:5
LH:4
BRDA:10,0,0,1
BRDA:10,1,0,0
BRDA:11,2,0,0
BRDA:11,2,1,1
BRDA:14,3,0,0
BRDA:14,3,1,0
BRDA:14,3,2,0
BRDA:17,4,0,0
BRDA:17,4,1,0
BRDA:17,4,2,0
BRDA:17,4,3,0
BRF:11
BRH:2
end_of_record
TN:
SF:/Users/anthonynwosu/Desktop/fast-food-fast-React/client/src/reducers/cartReducer.js
FN:14,(anonymous_0)
FNF:1
FNH:1
FNDA:3,(anonymous_0)
DA:5,1
DA:14,1
DA:15,3
DA:17,1
DA:24,0
DA:25,0
DA:30,1
DA:36,1
LF:8
LH:6
BRDA:14,0,0,1
BRDA:14,1,0,0
BRDA:15,2,0,1
BRDA:15,2,1,0
BRDA:15,2,2,1
BRDA:15,2,3,1
BRF:6
BRH:4
end_of_record
TN:
SF:/Users/anthonynwosu/Desktop/fast-food-fast-React/client/src/reducers/flashReducer.js
FN:7,(anonymous_0)
FN:20,(anonymous_1)
FNF:2
FNH:1
FNDA:2,(anonymous_0)
FNDA:0,(anonymous_1)
DA:8,2
DA:10,0
DA:19,0
DA:20,0
DA:23,1
DA:24,1
LF:6
LH:3
BRDA:7,0,0,1
BRDA:7,1,0,0
BRDA:8,2,0,0
BRDA:8,2,1,0
BRDA:8,2,2,1
BRDA:8,2,3,1
BRF:6
BRH:3
end_of_record
TN:
SF:/Users/anthonynwosu/Desktop/fast-food-fast-React/client/src/reducers/menuReducer.js
FN:7,(anonymous_0)
FNF:1
FNH:1
FNDA:2,(anonymous_0)
DA:5,1
DA:7,1
DA:8,2
DA:10,1
DA:12,1
LF:5
LH:5
BRDA:7,0,0,1
BRDA:7,1,0,0
BRDA:8,2,0,1
BRDA:8,2,1,1
BRF:4
BRH:3
end_of_record
TN:
SF:/Users/anthonynwosu/Desktop/fast-food-fast-React/client/src/reducers/orderReducer.js
FN:7,(anonymous_0)
FNF:1
FNH:1
FNDA:2,(anonymous_0)
DA:5,1
DA:7,1
DA:8,2
DA:10,1
DA:11,1
LF:5
LH:5
BRDA:7,0,0,1
BRDA:7,1,0,0
BRDA:8,2,0,1
BRDA:8,2,1,1
BRF:4
BRH:3
end_of_record
TN:
SF:/Users/anthonynwosu/Desktop/fast-food-fast-React/client/src/utils/axiosMethods.js
FN:22,(anonymous_0)
FN:26,(anonymous_1)
FN:29,(anonymous_2)
FN:38,(anonymous_3)
FN:47,(anonymous_4)
FN:56,(anonymous_5)
FNF:6
FNH:0
FNDA:0,(anonymous_0)
FNDA:0,(anonymous_1)
FNDA:0,(anonymous_2)
FNDA:0,(anonymous_3)
FNDA:0,(anonymous_4)
FNDA:0,(anonymous_5)
DA:8,19
DA:12,19
DA:21,19
DA:23,0
DA:24,0
DA:26,0
DA:29,19
DA:30,0
DA:31,0
DA:32,0
DA:34,0
DA:38,19
DA:39,0
DA:40,0
DA:41,0
DA:43,0
DA:47,19
DA:48,0
DA:49,0
DA:50,0
DA:52,0
DA:56,19
DA:57,0
DA:58,0
DA:59,0
DA:61,0
LF:26
LH:7
BRDA:8,0,0,0
BRDA:8,0,1,19
BRDA:34,1,0,0
BRDA:34,1,1,0
BRDA:43,2,0,0
BRDA:43,2,1,0
BRDA:52,3,0,0
BRDA:52,3,1,0
BRF:8
BRH:1
end_of_record
TN:
SF:/Users/anthonynwosu/Desktop/fast-food-fast-React/client/src/utils/loginValidation.js
FN:1,(anonymous_0)
FNF:1
FNH:1
FNDA:14,(anonymous_0)
DA:1,2
DA:2,14
DA:4,14
DA:5,9
DA:7,14
DA:9,1
DA:11,14
DA:12,8
DA:14,14
LF:9
LH:9
BRDA:4,0,0,9
BRDA:4,0,1,5
BRDA:7,1,0,1
BRDA:7,1,1,13
BRDA:7,2,0,14
BRDA:7,2,1,5
BRDA:11,3,0,8
BRDA:11,3,1,6
BRF:8
BRH:8
end_of_record
TN:
SF:/Users/anthonynwosu/Desktop/fast-food-fast-React/client/src/utils/orderIdGenerator.js
FN:1,(anonymous_0)
FNF:1
FNH:1
FNDA:1,(anonymous_0)
DA:1,13
LF:1
LH:1
BRF:0
BRH:0
end_of_record
TN:
SF:/Users/anthonynwosu/Desktop/fast-food-fast-React/client/src/utils/setAuthorizationToken.js
FN:3,(anonymous_0)
FNF:1
FNH:1
FNDA:3,(anonymous_0)
DA:3,16
DA:4,3
DA:5,0
DA:7,3
LF:4
LH:3
BRDA:4,0,0,0
BRDA:4,0,1,3
BRF:2
BRH:1
end_of_record
TN:
SF:/Users/anthonynwosu/Desktop/fast-food-fast-React/client/src/utils/signupValidation.js
FN:5,(anonymous_0)
FNF:1
FNH:1
FNDA:12,(anonymous_0)
DA:5,2
DA:6,12
DA:8,12
DA:9,9
DA:11,12
DA:12,0
DA:15,12
DA:18,0
DA:21,12
DA:23,0
DA:27,12
DA:28,8
DA:30,12
DA:31,0
DA:33,12
DA:35,0
DA:37,12
DA:39,0
DA:41,12
DA:42,7
DA:44,12
DA:47,0
DA:49,12
DA:50,8
DA:53,12
DA:54,0
DA:57,12
DA:58,0
DA:61,12
DA:62,8
DA:64,12
DA:65,2
DA:67,12
LF:33
LH:24
BRDA:8,0,0,9
BRDA:8,0,1,3
BRDA:11,1,0,0
BRDA:11,1,1,12
BRDA:11,2,0,12
BRDA:11,2,1,3
BRDA:15,3,0,0
BRDA:15,3,1,12
BRDA:15,4,0,12
BRDA:15,4,1,3
BRDA:15,4,2,3
BRDA:21,5,0,0
BRDA:21,5,1,12
BRDA:21,6,0,12
BRDA:21,6,1,3
BRDA:21,6,2,3
BRDA:27,7,0,8
BRDA:27,7,1,4
BRDA:30,8,0,0
BRDA:30,8,1,12
BRDA:30,9,0,12
BRDA:30,9,1,4
BRDA:33,10,0,0
BRDA:33,10,1,12
BRDA:33,11,0,12
BRDA:33,11,1,4
BRDA:33,11,2,4
BRDA:37,12,0,0
BRDA:37,12,1,12
BRDA:37,13,0,12
BRDA:37,13,1,4
BRDA:37,13,2,4
BRDA:41,14,0,7
BRDA:41,14,1,5
BRDA:44,15,0,0
BRDA:44,15,1,12
BRDA:44,16,0,12
BRDA:44,16,1,5
BRDA:49,17,0,8
BRDA:49,17,1,4
BRDA:53,18,0,0
BRDA:53,18,1,12
BRDA:53,19,0,12
BRDA:53,19,1,4
BRDA:57,20,0,0
BRDA:57,20,1,12
BRDA:57,21,0,12
BRDA:57,21,1,4
BRDA:61,22,0,8
BRDA:61,22,1,4
BRDA:64,23,0,2
BRDA:64,23,1,10
BRF:52
BRH:43
end_of_record
TN:
SF:/Users/anthonynwosu/Desktop/fast-food-fast-React/client/src/views/LandingPage.jsx
FN:16,(anonymous_0)
FN:41,(anonymous_1)
FN:45,(anonymous_2)
FN:49,(anonymous_3)
FN:55,(anonymous_4)
FN:59,(anonymous_5)
FN:67,(anonymous_6)
FN:75,(anonymous_7)
FN:83,(anonymous_8)
FN:92,(anonymous_9)
FN:98,(anonymous_10)
FN:101,(anonymous_11)
FN:113,(anonymous_12)
FN:116,(anonymous_13)
FN:128,(anonymous_14)
FN:145,(anonymous_15)
FN:162,(anonymous_16)
FN:196,(anonymous_17)
FN:222,(anonymous_18)
FN:231,(anonymous_19)
FN:240,(anonymous_20)
FN:310,(anonymous_21)
FNF:22
FNH:21
FNDA:35,(anonymous_0)
FNDA:35,(anonymous_1)
FNDA:0,(anonymous_2)
FNDA:1,(anonymous_3)
FNDA:4,(anonymous_4)
FNDA:1,(anonymous_5)
FNDA:1,(anonymous_6)
FNDA:1,(anonymous_7)
FNDA:1,(anonymous_8)
FNDA:1,(anonymous_9)
FNDA:4,(anonymous_10)
FNDA:4,(anonymous_11)
FNDA:4,(anonymous_12)
FNDA:4,(anonymous_13)
FNDA:4,(anonymous_14)
FNDA:4,(anonymous_15)
FNDA:3,(anonymous_16)
FNDA:1,(anonymous_17)
FNDA:6,(anonymous_18)
FNDA:4,(anonymous_19)
FNDA:106,(anonymous_20)
FNDA:1,(anonymous_21)
DA:17,35
DA:18,35
DA:35,35
DA:36,35
DA:37,35
DA:38,35
DA:42,35
DA:46,0
DA:50,1
DA:51,1
DA:56,4
DA:60,1
DA:68,1
DA:76,1
DA:84,1
DA:93,1
DA:94,0
DA:99,4
DA:100,4
DA:101,4
DA:102,4
DA:103,4
DA:104,2
DA:105,2
DA:107,2
DA:109,4
DA:114,4
DA:115,4
DA:116,4
DA:117,4
DA:118,4
DA:119,2
DA:120,2
DA:122,2
DA:124,4
DA:129,4
DA:130,1
DA:132,3
DA:134,4
DA:135,4
DA:136,4
DA:137,2
DA:138,2
DA:140,2
DA:142,4
DA:146,4
DA:147,1
DA:149,3
DA:151,4
DA:152,4
DA:153,4
DA:154,2
DA:155,2
DA:157,2
DA:159,4
DA:163,3
DA:169,3
DA:170,3
DA:171,3
DA:172,2
DA:173,2
DA:174,2
DA:175,0
DA:176,0
DA:177,0
DA:178,0
DA:181,0
DA:186,0
DA:197,1
DA:203,1
DA:204,1
DA:205,1
DA:206,1
DA:207,1
DA:208,0
DA:209,0
DA:210,0
DA:211,0
DA:213,0
DA:223,6
DA:224,6
DA:225,3
DA:226,3
DA:228,3
DA:232,4
DA:233,4
DA:234,2
DA:235,2
DA:237,2
DA:257,106
DA:259,106
DA:301,2
DA:309,2
DA:310,1
DA:313,2
LF:95
LH:82
BRDA:50,0,0,1
BRDA:50,0,1,0
BRDA:50,1,0,1
BRDA:50,1,1,0
BRDA:50,1,2,0
BRDA:93,2,0,0
BRDA:93,2,1,1
BRDA:103,3,0,2
BRDA:103,3,1,2
BRDA:118,4,0,2
BRDA:118,4,1,2
BRDA:129,5,0,1
BRDA:129,5,1,3
BRDA:136,6,0,2
BRDA:136,6,1,2
BRDA:146,7,0,1
BRDA:146,7,1,3
BRDA:153,8,0,2
BRDA:153,8,1,2
BRDA:171,9,0,2
BRDA:171,9,1,1
BRDA:174,10,0,0
BRDA:174,10,1,2
BRDA:176,11,0,0
BRDA:176,11,1,0
BRDA:178,12,0,0
BRDA:178,12,1,0
BRDA:205,13,0,1
BRDA:205,13,1,0
BRDA:208,14,0,0
BRDA:208,14,1,0
BRDA:210,15,0,0
BRDA:210,15,1,0
BRDA:224,16,0,3
BRDA:224,16,1,3
BRDA:233,17,0,2
BRDA:233,17,1,2
BRDA:292,18,0,103
BRDA:292,18,1,3
BRF:39
BRH:25
end_of_record
TN:
SF:/Users/anthonynwosu/Desktop/fast-food-fast-React/client/src/views/Navbar.jsx
FN:13,(anonymous_0)
FN:19,(anonymous_1)
FN:34,(anonymous_2)
FN:61,(anonymous_3)
FN:78,(anonymous_4)
FNF:5
FNH:0
FNDA:0,(anonymous_0)
FNDA:0,(anonymous_1)
FNDA:0,(anonymous_2)
FNDA:0,(anonymous_3)
FNDA:0,(anonymous_4)
DA:14,0
DA:15,0
DA:20,0
DA:28,0
DA:29,0
DA:31,0
DA:37,0
DA:38,0
DA:39,0
DA:46,0
DA:47,0
DA:54,0
DA:62,0
DA:63,0
DA:65,0
DA:66,0
DA:68,0
DA:70,0
DA:78,13
DA:84,13
DA:93,13
DA:97,13
LF:22
LH:4
BRDA:38,0,0,0
BRDA:38,0,1,0
BRDA:46,1,0,0
BRDA:46,1,1,0
BRDA:63,2,0,0
BRDA:63,2,1,0
BRDA:65,3,0,0
BRDA:65,3,1,0
BRF:8
BRH:0
end_of_record
